<?xml version="1.0" encoding="UTF-8"?>
<coverage generated="1728229469416" clover="3.2.0">
  <project timestamp="1728229469416" name="All files">
    <metrics statements="1187" coveredstatements="844" conditionals="457" coveredconditionals="294" methods="181" coveredmethods="122" elements="1825" coveredelements="1260" complexity="0" loc="1187" ncloc="1187" packages="16" files="60" classes="60"/>
    <package name="__tests__">
      <metrics statements="2" coveredstatements="2" conditionals="0" coveredconditionals="0" methods="0" coveredmethods="0"/>
      <file name="binary-documents.ts" path="/home/runner/work/util/util/src/__tests__/binary-documents.ts">
        <metrics statements="1" coveredstatements="1" conditionals="0" coveredconditionals="0" methods="0" coveredmethods="0"/>
        <line num="7" count="1" type="stmt"/>
      </file>
      <file name="json-documents.ts" path="/home/runner/work/util/util/src/__tests__/json-documents.ts">
        <metrics statements="1" coveredstatements="1" conditionals="0" coveredconditionals="0" methods="0" coveredmethods="0"/>
        <line num="10" count="2" type="stmt"/>
      </file>
    </package>
    <package name="buffers">
      <metrics statements="266" coveredstatements="86" conditionals="40" coveredconditionals="12" methods="59" coveredmethods="20"/>
      <file name="Slice.ts" path="/home/runner/work/util/util/src/buffers/Slice.ts">
        <metrics statements="6" coveredstatements="1" conditionals="0" coveredconditionals="0" methods="2" coveredmethods="0"/>
        <line num="1" count="1" type="stmt"/>
        <line num="3" count="0" type="stmt"/>
        <line num="4" count="0" type="stmt"/>
        <line num="5" count="0" type="stmt"/>
        <line num="6" count="0" type="stmt"/>
        <line num="10" count="0" type="stmt"/>
      </file>
      <file name="StreamingReader.ts" path="/home/runner/work/util/util/src/buffers/StreamingReader.ts">
        <metrics statements="73" coveredstatements="18" conditionals="2" coveredconditionals="2" methods="25" coveredmethods="10"/>
        <line num="1" count="1" type="stmt"/>
        <line num="2" count="1" type="stmt"/>
        <line num="5" count="1" type="stmt"/>
        <line num="11" count="5" type="stmt"/>
        <line num="14" count="5" type="stmt"/>
        <line num="21" count="28" type="stmt"/>
        <line num="30" count="19" type="cond" truecount="1" falsecount="0"/>
        <line num="41" count="8" type="stmt"/>
        <line num="49" count="0" type="stmt"/>
        <line num="50" count="0" type="stmt"/>
        <line num="56" count="0" type="stmt"/>
        <line num="60" count="16" type="stmt"/>
        <line num="64" count="47" type="stmt"/>
        <line num="68" count="16" type="stmt"/>
        <line num="72" count="0" type="stmt"/>
        <line num="73" count="0" type="stmt"/>
        <line num="77" count="0" type="stmt"/>
        <line num="78" count="0" type="stmt"/>
        <line num="82" count="0" type="stmt"/>
        <line num="83" count="0" type="stmt"/>
        <line num="84" count="0" type="stmt"/>
        <line num="85" count="0" type="stmt"/>
        <line num="86" count="0" type="stmt"/>
        <line num="90" count="14" type="stmt"/>
        <line num="91" count="13" type="stmt"/>
        <line num="95" count="0" type="stmt"/>
        <line num="96" count="0" type="stmt"/>
        <line num="100" count="4" type="stmt"/>
        <line num="101" count="3" type="stmt"/>
        <line num="102" count="3" type="stmt"/>
        <line num="103" count="3" type="stmt"/>
        <line num="107" count="0" type="stmt"/>
        <line num="108" count="0" type="stmt"/>
        <line num="109" count="0" type="stmt"/>
        <line num="110" count="0" type="stmt"/>
        <line num="114" count="1" type="stmt"/>
        <line num="115" count="0" type="stmt"/>
        <line num="116" count="0" type="stmt"/>
        <line num="117" count="0" type="stmt"/>
        <line num="121" count="0" type="stmt"/>
        <line num="122" count="0" type="stmt"/>
        <line num="123" count="0" type="stmt"/>
        <line num="124" count="0" type="stmt"/>
        <line num="128" count="0" type="stmt"/>
        <line num="129" count="0" type="stmt"/>
        <line num="130" count="0" type="stmt"/>
        <line num="131" count="0" type="stmt"/>
        <line num="135" count="0" type="stmt"/>
        <line num="136" count="0" type="stmt"/>
        <line num="137" count="0" type="stmt"/>
        <line num="138" count="0" type="stmt"/>
        <line num="142" count="0" type="stmt"/>
        <line num="143" count="0" type="stmt"/>
        <line num="144" count="0" type="stmt"/>
        <line num="145" count="0" type="stmt"/>
        <line num="149" count="0" type="stmt"/>
        <line num="150" count="0" type="stmt"/>
        <line num="151" count="0" type="stmt"/>
        <line num="152" count="0" type="stmt"/>
        <line num="156" count="0" type="stmt"/>
        <line num="157" count="0" type="stmt"/>
        <line num="158" count="0" type="stmt"/>
        <line num="159" count="0" type="stmt"/>
        <line num="163" count="0" type="stmt"/>
        <line num="164" count="0" type="stmt"/>
        <line num="165" count="0" type="stmt"/>
        <line num="166" count="0" type="stmt"/>
        <line num="167" count="0" type="stmt"/>
        <line num="168" count="0" type="stmt"/>
        <line num="169" count="0" type="stmt"/>
        <line num="175" count="0" type="stmt"/>
        <line num="176" count="0" type="stmt"/>
        <line num="177" count="0" type="stmt"/>
      </file>
      <file name="Writer.ts" path="/home/runner/work/util/util/src/buffers/Writer.ts">
        <metrics statements="146" coveredstatements="38" conditionals="29" coveredconditionals="5" methods="23" coveredmethods="4"/>
        <line num="1" count="1" type="stmt"/>
        <line num="4" count="1" type="stmt"/>
        <line num="5" count="1" type="stmt"/>
        <line num="7" count="1" type="stmt"/>
        <line num="8" count="1" type="cond" truecount="1" falsecount="1"/>
        <line num="11" count="1" type="cond" truecount="1" falsecount="1"/>
        <line num="12" count="1" type="cond" truecount="1" falsecount="1"/>
        <line num="19" count="1" type="stmt"/>
        <line num="23" count="5" type="stmt"/>
        <line num="25" count="5" type="stmt"/>
        <line num="27" count="5" type="stmt"/>
        <line num="33" count="5" type="cond" truecount="0" falsecount="1"/>
        <line num="34" count="5" type="stmt"/>
        <line num="35" count="5" type="stmt"/>
        <line num="36" count="5" type="stmt"/>
        <line num="41" count="4" type="stmt"/>
        <line num="42" count="4" type="stmt"/>
        <line num="43" count="4" type="stmt"/>
        <line num="44" count="4" type="stmt"/>
        <line num="45" count="4" type="stmt"/>
        <line num="46" count="4" type="stmt"/>
        <line num="47" count="4" type="stmt"/>
        <line num="48" count="4" type="stmt"/>
        <line num="49" count="4" type="stmt"/>
        <line num="50" count="4" type="stmt"/>
        <line num="51" count="4" type="stmt"/>
        <line num="52" count="4" type="stmt"/>
        <line num="62" count="8" type="stmt"/>
        <line num="63" count="8" type="stmt"/>
        <line num="64" count="8" type="cond" truecount="1" falsecount="0"/>
        <line num="65" count="4" type="stmt"/>
        <line num="66" count="4" type="stmt"/>
        <line num="67" count="4" type="stmt"/>
        <line num="68" count="4" type="cond" truecount="1" falsecount="1"/>
        <line num="74" count="0" type="stmt"/>
        <line num="75" count="0" type="stmt"/>
        <line num="79" count="0" type="stmt"/>
        <line num="89" count="0" type="stmt"/>
        <line num="90" count="0" type="stmt"/>
        <line num="91" count="0" type="stmt"/>
        <line num="92" count="0" type="stmt"/>
        <line num="99" count="0" type="stmt"/>
        <line num="100" count="0" type="stmt"/>
        <line num="101" count="0" type="stmt"/>
        <line num="105" count="0" type="stmt"/>
        <line num="106" count="0" type="stmt"/>
        <line num="107" count="0" type="stmt"/>
        <line num="111" count="0" type="stmt"/>
        <line num="112" count="0" type="stmt"/>
        <line num="116" count="0" type="stmt"/>
        <line num="117" count="0" type="stmt"/>
        <line num="118" count="0" type="stmt"/>
        <line num="122" count="0" type="stmt"/>
        <line num="123" count="0" type="stmt"/>
        <line num="124" count="0" type="stmt"/>
        <line num="128" count="0" type="stmt"/>
        <line num="129" count="0" type="stmt"/>
        <line num="130" count="0" type="stmt"/>
        <line num="134" count="0" type="stmt"/>
        <line num="135" count="0" type="stmt"/>
        <line num="136" count="0" type="stmt"/>
        <line num="140" count="0" type="stmt"/>
        <line num="141" count="0" type="stmt"/>
        <line num="142" count="0" type="stmt"/>
        <line num="146" count="0" type="stmt"/>
        <line num="147" count="0" type="stmt"/>
        <line num="148" count="0" type="stmt"/>
        <line num="149" count="0" type="stmt"/>
        <line num="150" count="0" type="stmt"/>
        <line num="151" count="0" type="stmt"/>
        <line num="155" count="0" type="stmt"/>
        <line num="156" count="0" type="stmt"/>
        <line num="157" count="0" type="stmt"/>
        <line num="158" count="0" type="stmt"/>
        <line num="159" count="0" type="stmt"/>
        <line num="163" count="0" type="stmt"/>
        <line num="164" count="0" type="stmt"/>
        <line num="165" count="0" type="stmt"/>
        <line num="166" count="0" type="stmt"/>
        <line num="167" count="0" type="stmt"/>
        <line num="171" count="0" type="stmt"/>
        <line num="172" count="0" type="stmt"/>
        <line num="173" count="0" type="stmt"/>
        <line num="174" count="0" type="stmt"/>
        <line num="175" count="0" type="stmt"/>
        <line num="179" count="0" type="stmt"/>
        <line num="180" count="0" type="stmt"/>
        <line num="181" count="0" type="stmt"/>
        <line num="182" count="0" type="stmt"/>
        <line num="183" count="0" type="stmt"/>
        <line num="187" count="8" type="stmt"/>
        <line num="188" count="8" type="stmt"/>
        <line num="189" count="8" type="stmt"/>
        <line num="190" count="8" type="stmt"/>
        <line num="201" count="0" type="stmt"/>
        <line num="202" count="0" type="cond" truecount="0" falsecount="1"/>
        <line num="203" count="0" type="cond" truecount="0" falsecount="2"/>
        <line num="204" count="0" type="stmt"/>
        <line num="205" count="0" type="stmt"/>
        <line num="206" count="0" type="stmt"/>
        <line num="207" count="0" type="cond" truecount="0" falsecount="2"/>
        <line num="208" count="0" type="stmt"/>
        <line num="209" count="0" type="stmt"/>
        <line num="210" count="0" type="stmt"/>
        <line num="211" count="0" type="stmt"/>
        <line num="212" count="0" type="stmt"/>
        <line num="213" count="0" type="stmt"/>
        <line num="214" count="0" type="cond" truecount="0" falsecount="3"/>
        <line num="215" count="0" type="stmt"/>
        <line num="216" count="0" type="stmt"/>
        <line num="217" count="0" type="stmt"/>
        <line num="219" count="0" type="stmt"/>
        <line num="223" count="0" type="stmt"/>
        <line num="224" count="0" type="stmt"/>
        <line num="225" count="0" type="stmt"/>
        <line num="226" count="0" type="stmt"/>
        <line num="227" count="0" type="stmt"/>
        <line num="228" count="0" type="stmt"/>
        <line num="229" count="0" type="cond" truecount="0" falsecount="2"/>
        <line num="230" count="0" type="stmt"/>
        <line num="231" count="0" type="stmt"/>
        <line num="232" count="0" type="cond" truecount="0" falsecount="2"/>
        <line num="233" count="0" type="stmt"/>
        <line num="235" count="0" type="cond" truecount="0" falsecount="3"/>
        <line num="236" count="0" type="cond" truecount="0" falsecount="1"/>
        <line num="237" count="0" type="stmt"/>
        <line num="238" count="0" type="cond" truecount="0" falsecount="1"/>
        <line num="239" count="0" type="stmt"/>
        <line num="240" count="0" type="stmt"/>
        <line num="244" count="0" type="cond" truecount="0" falsecount="2"/>
        <line num="245" count="0" type="stmt"/>
        <line num="246" count="0" type="stmt"/>
        <line num="248" count="0" type="stmt"/>
        <line num="249" count="0" type="stmt"/>
        <line num="250" count="0" type="stmt"/>
        <line num="253" count="0" type="stmt"/>
        <line num="255" count="0" type="stmt"/>
        <line num="256" count="0" type="stmt"/>
        <line num="257" count="0" type="stmt"/>
        <line num="261" count="0" type="stmt"/>
        <line num="262" count="0" type="stmt"/>
        <line num="263" count="0" type="stmt"/>
        <line num="264" count="0" type="stmt"/>
        <line num="265" count="0" type="stmt"/>
        <line num="266" count="0" type="stmt"/>
        <line num="267" count="0" type="stmt"/>
      </file>
      <file name="bufferToUint8Array.ts" path="/home/runner/work/util/util/src/buffers/bufferToUint8Array.ts">
        <metrics statements="1" coveredstatements="1" conditionals="0" coveredconditionals="0" methods="1" coveredmethods="1"/>
        <line num="1" count="1" type="stmt"/>
      </file>
      <file name="concat.ts" path="/home/runner/work/util/util/src/buffers/concat.ts">
        <metrics statements="21" coveredstatements="16" conditionals="3" coveredconditionals="2" methods="3" coveredmethods="2"/>
        <line num="1" count="1" type="stmt"/>
        <line num="2" count="0" type="stmt"/>
        <line num="3" count="0" type="stmt"/>
        <line num="4" count="0" type="stmt"/>
        <line num="5" count="0" type="stmt"/>
        <line num="8" count="1" type="stmt"/>
        <line num="9" count="1" type="stmt"/>
        <line num="10" count="1" type="stmt"/>
        <line num="11" count="1" type="stmt"/>
        <line num="12" count="2" type="stmt"/>
        <line num="13" count="1" type="stmt"/>
        <line num="14" count="1" type="stmt"/>
        <line num="15" count="2" type="stmt"/>
        <line num="16" count="2" type="stmt"/>
        <line num="17" count="2" type="stmt"/>
        <line num="19" count="1" type="stmt"/>
        <line num="22" count="1" type="stmt"/>
        <line num="23" count="2" type="cond" truecount="2" falsecount="1"/>
        <line num="25" count="0" type="stmt"/>
        <line num="27" count="1" type="stmt"/>
        <line num="29" count="1" type="stmt"/>
      </file>
      <file name="isFloat32.ts" path="/home/runner/work/util/util/src/buffers/isFloat32.ts">
        <metrics statements="4" coveredstatements="4" conditionals="0" coveredconditionals="0" methods="1" coveredmethods="1"/>
        <line num="1" count="1" type="stmt"/>
        <line num="3" count="1" type="stmt"/>
        <line num="4" count="2" type="stmt"/>
        <line num="5" count="2" type="stmt"/>
      </file>
      <file name="isUint8Array.ts" path="/home/runner/work/util/util/src/buffers/isUint8Array.ts">
        <metrics statements="3" coveredstatements="2" conditionals="4" coveredconditionals="3" methods="2" coveredmethods="1"/>
        <line num="1" count="1" type="stmt"/>
        <line num="3" count="1372" type="cond" truecount="2" falsecount="0"/>
        <line num="4" count="0" type="stmt"/>
      </file>
      <file name="strings.ts" path="/home/runner/work/util/util/src/buffers/strings.ts">
        <metrics statements="12" coveredstatements="6" conditionals="2" coveredconditionals="0" methods="2" coveredmethods="1"/>
        <line num="1" count="1" type="stmt"/>
        <line num="3" count="1" type="stmt"/>
        <line num="4" count="0" type="cond" truecount="0" falsecount="1"/>
        <line num="5" count="0" type="stmt"/>
        <line num="6" count="0" type="stmt"/>
        <line num="7" count="0" type="stmt"/>
        <line num="8" count="0" type="stmt"/>
        <line num="9" count="0" type="stmt"/>
        <line num="12" count="1" type="stmt"/>
        <line num="13" count="1" type="cond" truecount="0" falsecount="1"/>
        <line num="14" count="1" type="stmt"/>
        <line num="15" count="1" type="stmt"/>
      </file>
    </package>
    <package name="buffers.utf8">
      <metrics statements="167" coveredstatements="70" conditionals="116" coveredconditionals="48" methods="7" coveredmethods="6"/>
      <file name="decodeAscii.ts" path="/home/runner/work/util/util/src/buffers/utf8/decodeAscii.ts">
        <metrics statements="105" coveredstatements="16" conditionals="62" coveredconditionals="8" methods="2" coveredmethods="1"/>
        <line num="1" count="2" type="stmt"/>
        <line num="27" count="2" type="stmt"/>
        <line num="28" count="0" type="stmt"/>
        <line num="29" count="0" type="stmt"/>
        <line num="30" count="0" type="stmt"/>
        <line num="31" count="0" type="cond" truecount="0" falsecount="1"/>
        <line num="32" count="0" type="stmt"/>
        <line num="34" count="0" type="stmt"/>
        <line num="37" count="2" type="stmt"/>
        <line num="38" count="3" type="cond" truecount="2" falsecount="0"/>
        <line num="39" count="1" type="cond" truecount="1" falsecount="1"/>
        <line num="40" count="0" type="cond" truecount="0" falsecount="2"/>
        <line num="42" count="0" type="stmt"/>
        <line num="43" count="0" type="cond" truecount="0" falsecount="1"/>
        <line num="44" count="0" type="stmt"/>
        <line num="45" count="0" type="stmt"/>
        <line num="47" count="0" type="stmt"/>
        <line num="50" count="1" type="stmt"/>
        <line num="51" count="1" type="stmt"/>
        <line num="52" count="1" type="cond" truecount="2" falsecount="1"/>
        <line num="53" count="0" type="stmt"/>
        <line num="54" count="0" type="stmt"/>
        <line num="56" count="1" type="cond" truecount="1" falsecount="0"/>
        <line num="57" count="0" type="stmt"/>
        <line num="58" count="0" type="cond" truecount="0" falsecount="1"/>
        <line num="59" count="0" type="stmt"/>
        <line num="60" count="0" type="stmt"/>
        <line num="62" count="0" type="stmt"/>
        <line num="65" count="2" type="stmt"/>
        <line num="66" count="2" type="stmt"/>
        <line num="67" count="2" type="stmt"/>
        <line num="68" count="2" type="stmt"/>
        <line num="69" count="2" type="cond" truecount="2" falsecount="3"/>
        <line num="70" count="2" type="stmt"/>
        <line num="71" count="2" type="stmt"/>
        <line num="73" count="0" type="cond" truecount="0" falsecount="2"/>
        <line num="74" count="0" type="cond" truecount="0" falsecount="2"/>
        <line num="76" count="0" type="stmt"/>
        <line num="77" count="0" type="cond" truecount="0" falsecount="1"/>
        <line num="78" count="0" type="stmt"/>
        <line num="79" count="0" type="stmt"/>
        <line num="81" count="0" type="stmt"/>
        <line num="83" count="0" type="cond" truecount="0" falsecount="2"/>
        <line num="84" count="0" type="stmt"/>
        <line num="85" count="0" type="stmt"/>
        <line num="86" count="0" type="cond" truecount="0" falsecount="3"/>
        <line num="87" count="0" type="stmt"/>
        <line num="88" count="0" type="stmt"/>
        <line num="90" count="0" type="cond" truecount="0" falsecount="1"/>
        <line num="91" count="0" type="stmt"/>
        <line num="92" count="0" type="cond" truecount="0" falsecount="1"/>
        <line num="93" count="0" type="stmt"/>
        <line num="94" count="0" type="stmt"/>
        <line num="96" count="0" type="stmt"/>
        <line num="98" count="0" type="stmt"/>
        <line num="99" count="0" type="stmt"/>
        <line num="100" count="0" type="stmt"/>
        <line num="101" count="0" type="stmt"/>
        <line num="102" count="0" type="cond" truecount="0" falsecount="5"/>
        <line num="103" count="0" type="stmt"/>
        <line num="104" count="0" type="stmt"/>
        <line num="106" count="0" type="cond" truecount="0" falsecount="2"/>
        <line num="107" count="0" type="cond" truecount="0" falsecount="2"/>
        <line num="109" count="0" type="stmt"/>
        <line num="110" count="0" type="cond" truecount="0" falsecount="1"/>
        <line num="111" count="0" type="stmt"/>
        <line num="112" count="0" type="stmt"/>
        <line num="114" count="0" type="stmt"/>
        <line num="116" count="0" type="cond" truecount="0" falsecount="2"/>
        <line num="117" count="0" type="stmt"/>
        <line num="118" count="0" type="stmt"/>
        <line num="119" count="0" type="cond" truecount="0" falsecount="3"/>
        <line num="120" count="0" type="stmt"/>
        <line num="121" count="0" type="stmt"/>
        <line num="123" count="0" type="cond" truecount="0" falsecount="1"/>
        <line num="124" count="0" type="stmt"/>
        <line num="125" count="0" type="cond" truecount="0" falsecount="1"/>
        <line num="126" count="0" type="stmt"/>
        <line num="127" count="0" type="stmt"/>
        <line num="129" count="0" type="stmt"/>
        <line num="131" count="0" type="stmt"/>
        <line num="132" count="0" type="stmt"/>
        <line num="133" count="0" type="stmt"/>
        <line num="134" count="0" type="stmt"/>
        <line num="135" count="0" type="cond" truecount="0" falsecount="5"/>
        <line num="136" count="0" type="stmt"/>
        <line num="137" count="0" type="stmt"/>
        <line num="139" count="0" type="cond" truecount="0" falsecount="2"/>
        <line num="140" count="0" type="cond" truecount="0" falsecount="2"/>
        <line num="142" count="0" type="stmt"/>
        <line num="143" count="0" type="cond" truecount="0" falsecount="1"/>
        <line num="144" count="0" type="stmt"/>
        <line num="145" count="0" type="stmt"/>
        <line num="147" count="0" type="stmt"/>
        <line num="150" count="0" type="stmt"/>
        <line num="151" count="0" type="stmt"/>
        <line num="152" count="0" type="cond" truecount="0" falsecount="3"/>
        <line num="153" count="0" type="stmt"/>
        <line num="154" count="0" type="stmt"/>
        <line num="156" count="0" type="cond" truecount="0" falsecount="1"/>
        <line num="157" count="0" type="stmt"/>
        <line num="158" count="0" type="cond" truecount="0" falsecount="1"/>
        <line num="159" count="0" type="stmt"/>
        <line num="160" count="0" type="stmt"/>
        <line num="162" count="0" type="stmt"/>
      </file>
      <file name="encode.ts" path="/home/runner/work/util/util/src/buffers/utf8/encode.ts">
        <metrics statements="38" coveredstatements="30" conditionals="21" coveredconditionals="10" methods="4" coveredmethods="4"/>
        <line num="1" count="1" type="stmt"/>
        <line num="2" count="1" type="cond" truecount="1" falsecount="1"/>
        <line num="5" count="1" type="cond" truecount="1" falsecount="1"/>
        <line num="9" count="1" type="stmt"/>
        <line num="10" count="2000" type="stmt"/>
        <line num="12" count="1" type="stmt"/>
        <line num="13" count="1000" type="stmt"/>
        <line num="14" count="1000" type="stmt"/>
        <line num="15" count="1000" type="stmt"/>
        <line num="18" count="1" type="stmt"/>
        <line num="19" count="1000" type="stmt"/>
        <line num="20" count="1000" type="stmt"/>
        <line num="21" count="1000" type="stmt"/>
        <line num="22" count="1000" type="stmt"/>
        <line num="23" count="10000" type="stmt"/>
        <line num="24" count="10000" type="cond" truecount="2" falsecount="0"/>
        <line num="25" count="9918" type="stmt"/>
        <line num="26" count="9918" type="stmt"/>
        <line num="27" count="82" type="cond" truecount="2" falsecount="0"/>
        <line num="28" count="67" type="stmt"/>
        <line num="30" count="15" type="cond" truecount="1" falsecount="2"/>
        <line num="31" count="0" type="cond" truecount="0" falsecount="1"/>
        <line num="32" count="0" type="stmt"/>
        <line num="33" count="0" type="cond" truecount="0" falsecount="1"/>
        <line num="34" count="0" type="stmt"/>
        <line num="35" count="0" type="stmt"/>
        <line num="39" count="15" type="cond" truecount="1" falsecount="1"/>
        <line num="40" count="15" type="stmt"/>
        <line num="41" count="15" type="stmt"/>
        <line num="43" count="0" type="stmt"/>
        <line num="44" count="0" type="stmt"/>
        <line num="45" count="0" type="stmt"/>
        <line num="48" count="82" type="stmt"/>
        <line num="50" count="1000" type="stmt"/>
        <line num="53" count="1" type="cond" truecount="1" falsecount="1"/>
        <line num="55" count="1" type="stmt"/>
        <line num="56" count="1000" type="stmt"/>
        <line num="58" count="1" type="cond" truecount="1" falsecount="3"/>
      </file>
      <file name="isUtf8.ts" path="/home/runner/work/util/util/src/buffers/utf8/isUtf8.ts">
        <metrics statements="24" coveredstatements="24" conditionals="33" coveredconditionals="30" methods="1" coveredmethods="1"/>
        <line num="6" count="1" type="stmt"/>
        <line num="7" count="22" type="stmt"/>
        <line num="8" count="22" type="stmt"/>
        <line num="9" count="216" type="stmt"/>
        <line num="10" count="216" type="cond" truecount="1" falsecount="0"/>
        <line num="11" count="154" type="stmt"/>
        <line num="12" count="154" type="stmt"/>
        <line num="14" count="62" type="cond" truecount="3" falsecount="0"/>
        <line num="15" count="33" type="cond" truecount="2" falsecount="0"/>
        <line num="16" count="31" type="stmt"/>
        <line num="17" count="31" type="stmt"/>
        <line num="18" count="2" type="stmt"/>
        <line num="20" count="29" type="stmt"/>
        <line num="21" count="29" type="cond" truecount="1" falsecount="0"/>
        <line num="25" count="13" type="stmt"/>
        <line num="26" count="13" type="stmt"/>
        <line num="28" count="16" type="cond" truecount="7" falsecount="0"/>
        <line num="29" count="11" type="stmt"/>
        <line num="30" count="11" type="stmt"/>
        <line num="32" count="5" type="cond" truecount="1" falsecount="0"/>
        <line num="39" count="1" type="stmt"/>
        <line num="40" count="1" type="stmt"/>
        <line num="42" count="4" type="stmt"/>
        <line num="44" count="16" type="stmt"/>
      </file>
    </package>
    <package name="buffers.utf8.decodeUtf8">
      <metrics statements="285" coveredstatements="267" conditionals="116" coveredconditionals="79" methods="24" coveredmethods="20"/>
      <file name="index.ts" path="/home/runner/work/util/util/src/buffers/utf8/decodeUtf8/index.ts">
        <metrics statements="2" coveredstatements="2" conditionals="0" coveredconditionals="0" methods="0" coveredmethods="0"/>
        <line num="1" count="1" type="stmt"/>
        <line num="3" count="1" type="stmt"/>
      </file>
      <file name="v1.ts" path="/home/runner/work/util/util/src/buffers/utf8/decodeUtf8/v1.ts">
        <metrics statements="32" coveredstatements="31" conditionals="11" coveredconditionals="10" methods="1" coveredmethods="1"/>
        <line num="1" count="1" type="stmt"/>
        <line num="2" count="5" type="stmt"/>
        <line num="3" count="5" type="stmt"/>
        <line num="4" count="5" type="stmt"/>
        <line num="5" count="5" type="stmt"/>
        <line num="6" count="5" type="stmt"/>
        <line num="7" count="33438" type="stmt"/>
        <line num="8" count="33438" type="cond" truecount="2" falsecount="0"/>
        <line num="9" count="33430" type="stmt"/>
        <line num="10" count="8" type="cond" truecount="2" falsecount="0"/>
        <line num="11" count="3" type="stmt"/>
        <line num="12" count="3" type="stmt"/>
        <line num="13" count="5" type="cond" truecount="2" falsecount="0"/>
        <line num="14" count="3" type="stmt"/>
        <line num="15" count="3" type="stmt"/>
        <line num="16" count="3" type="stmt"/>
        <line num="17" count="2" type="cond" truecount="1" falsecount="1"/>
        <line num="18" count="2" type="stmt"/>
        <line num="19" count="2" type="stmt"/>
        <line num="20" count="2" type="stmt"/>
        <line num="21" count="2" type="stmt"/>
        <line num="22" count="2" type="cond" truecount="1" falsecount="0"/>
        <line num="23" count="2" type="stmt"/>
        <line num="24" count="2" type="stmt"/>
        <line num="25" count="2" type="stmt"/>
        <line num="27" count="2" type="stmt"/>
        <line num="29" count="0" type="stmt"/>
        <line num="31" count="33438" type="cond" truecount="1" falsecount="0"/>
        <line num="32" count="33" type="stmt"/>
        <line num="33" count="33" type="stmt"/>
        <line num="36" count="5" type="cond" truecount="1" falsecount="0"/>
        <line num="37" count="5" type="stmt"/>
      </file>
      <file name="v10.ts" path="/home/runner/work/util/util/src/buffers/utf8/decodeUtf8/v10.ts">
        <metrics statements="29" coveredstatements="27" conditionals="7" coveredconditionals="5" methods="1" coveredmethods="1"/>
        <line num="1" count="1" type="stmt"/>
        <line num="3" count="1" type="stmt"/>
        <line num="4" count="9" type="stmt"/>
        <line num="5" count="9" type="stmt"/>
        <line num="6" count="9" type="stmt"/>
        <line num="7" count="9" type="stmt"/>
        <line num="8" count="33444" type="stmt"/>
        <line num="9" count="33444" type="cond" truecount="1" falsecount="0"/>
        <line num="10" count="33434" type="stmt"/>
        <line num="11" count="33434" type="stmt"/>
        <line num="13" count="10" type="stmt"/>
        <line num="14" count="10" type="cond" truecount="1" falsecount="0"/>
        <line num="15" count="3" type="stmt"/>
        <line num="16" count="3" type="stmt"/>
        <line num="18" count="7" type="stmt"/>
        <line num="19" count="7" type="cond" truecount="1" falsecount="0"/>
        <line num="20" count="3" type="stmt"/>
        <line num="21" count="3" type="stmt"/>
        <line num="23" count="4" type="cond" truecount="1" falsecount="1"/>
        <line num="24" count="4" type="stmt"/>
        <line num="25" count="4" type="stmt"/>
        <line num="26" count="4" type="cond" truecount="1" falsecount="1"/>
        <line num="27" count="4" type="stmt"/>
        <line num="28" count="4" type="stmt"/>
        <line num="29" count="4" type="stmt"/>
        <line num="30" count="4" type="stmt"/>
        <line num="32" count="0" type="stmt"/>
        <line num="35" count="0" type="stmt"/>
        <line num="38" count="9" type="stmt"/>
      </file>
      <file name="v11.ts" path="/home/runner/work/util/util/src/buffers/utf8/decodeUtf8/v11.ts">
        <metrics statements="2" coveredstatements="2" conditionals="0" coveredconditionals="0" methods="1" coveredmethods="1"/>
        <line num="1" count="1" type="stmt"/>
        <line num="2" count="5" type="stmt"/>
      </file>
      <file name="v12.ts" path="/home/runner/work/util/util/src/buffers/utf8/decodeUtf8/v12.ts">
        <metrics statements="3" coveredstatements="3" conditionals="0" coveredconditionals="0" methods="1" coveredmethods="1"/>
        <line num="1" count="1" type="stmt"/>
        <line num="2" count="1" type="stmt"/>
        <line num="3" count="5" type="stmt"/>
      </file>
      <file name="v13.ts" path="/home/runner/work/util/util/src/buffers/utf8/decodeUtf8/v13.ts">
        <metrics statements="16" coveredstatements="8" conditionals="15" coveredconditionals="4" methods="3" coveredmethods="1"/>
        <line num="1" count="1" type="stmt"/>
        <line num="3" count="1" type="stmt"/>
        <line num="5" count="1" type="stmt"/>
        <line num="6" count="1" type="cond" truecount="1" falsecount="1"/>
        <line num="8" count="1" type="cond" truecount="1" falsecount="1"/>
        <line num="9" count="1" type="stmt"/>
        <line num="10" count="5" type="cond" truecount="2" falsecount="0"/>
        <line num="12" count="0" type="cond" truecount="0" falsecount="2"/>
        <line num="13" count="0" type="cond" truecount="0" falsecount="2"/>
        <line num="14" count="0" type="stmt"/>
        <line num="15" count="0" type="cond" truecount="0" falsecount="2"/>
        <line num="20" count="0" type="cond" truecount="0" falsecount="1"/>
        <line num="21" count="0" type="stmt"/>
        <line num="22" count="0" type="stmt"/>
        <line num="23" count="0" type="cond" truecount="0" falsecount="2"/>
        <line num="27" count="1" type="stmt"/>
      </file>
      <file name="v14.ts" path="/home/runner/work/util/util/src/buffers/utf8/decodeUtf8/v14.ts">
        <metrics statements="5" coveredstatements="5" conditionals="4" coveredconditionals="2" methods="1" coveredmethods="1"/>
        <line num="1" count="1" type="stmt"/>
        <line num="3" count="1" type="stmt"/>
        <line num="4" count="1" type="cond" truecount="1" falsecount="1"/>
        <line num="6" count="1" type="cond" truecount="1" falsecount="1"/>
        <line num="7" count="5" type="stmt"/>
      </file>
      <file name="v15.ts" path="/home/runner/work/util/util/src/buffers/utf8/decodeUtf8/v15.ts">
        <metrics statements="7" coveredstatements="7" conditionals="10" coveredconditionals="5" methods="1" coveredmethods="1"/>
        <line num="1" count="1" type="stmt"/>
        <line num="3" count="1" type="stmt"/>
        <line num="4" count="1" type="cond" truecount="1" falsecount="1"/>
        <line num="5" count="1" type="cond" truecount="1" falsecount="1"/>
        <line num="7" count="1" type="stmt"/>
        <line num="8" count="5" type="stmt"/>
        <line num="9" count="5" type="cond" truecount="2" falsecount="0"/>
      </file>
      <file name="v16.ts" path="/home/runner/work/util/util/src/buffers/utf8/decodeUtf8/v16.ts">
        <metrics statements="15" coveredstatements="14" conditionals="18" coveredconditionals="8" methods="5" coveredmethods="3"/>
        <line num="1" count="2" type="stmt"/>
        <line num="2" count="2" type="stmt"/>
        <line num="6" count="2" type="stmt"/>
        <line num="7" count="2" type="cond" truecount="1" falsecount="1"/>
        <line num="8" count="2" type="cond" truecount="1" falsecount="1"/>
        <line num="10" count="3" type="cond" truecount="4" falsecount="0"/>
        <line num="12" count="2" type="cond" truecount="0" falsecount="4"/>
        <line num="14" count="2" type="cond" truecount="1" falsecount="1"/>
        <line num="15" count="2" type="stmt"/>
        <line num="18" count="0" type="stmt"/>
        <line num="23" count="2" type="stmt"/>
        <line num="24" count="5" type="cond" truecount="1" falsecount="0"/>
        <line num="25" count="2" type="cond" truecount="0" falsecount="1"/>
        <line num="26" count="2" type="stmt"/>
        <line num="29" count="2" type="stmt"/>
      </file>
      <file name="v17.ts" path="/home/runner/work/util/util/src/buffers/utf8/decodeUtf8/v17.ts">
        <metrics statements="26" coveredstatements="25" conditionals="8" coveredconditionals="7" methods="1" coveredmethods="1"/>
        <line num="1" count="1" type="stmt"/>
        <line num="3" count="1" type="stmt"/>
        <line num="4" count="5" type="stmt"/>
        <line num="5" count="5" type="stmt"/>
        <line num="6" count="5" type="stmt"/>
        <line num="7" count="5" type="stmt"/>
        <line num="8" count="33438" type="stmt"/>
        <line num="9" count="33438" type="cond" truecount="1" falsecount="0"/>
        <line num="10" count="8" type="stmt"/>
        <line num="11" count="8" type="cond" truecount="2" falsecount="0"/>
        <line num="12" count="3" type="stmt"/>
        <line num="14" count="5" type="stmt"/>
        <line num="15" count="5" type="cond" truecount="2" falsecount="0"/>
        <line num="16" count="3" type="stmt"/>
        <line num="18" count="2" type="cond" truecount="1" falsecount="0"/>
        <line num="19" count="2" type="stmt"/>
        <line num="20" count="2" type="stmt"/>
        <line num="21" count="2" type="cond" truecount="1" falsecount="1"/>
        <line num="22" count="2" type="stmt"/>
        <line num="23" count="2" type="stmt"/>
        <line num="24" count="2" type="stmt"/>
        <line num="25" count="2" type="stmt"/>
        <line num="26" count="2" type="stmt"/>
        <line num="28" count="0" type="stmt"/>
        <line num="34" count="33438" type="stmt"/>
        <line num="36" count="5" type="stmt"/>
      </file>
      <file name="v18.ts" path="/home/runner/work/util/util/src/buffers/utf8/decodeUtf8/v18.ts">
        <metrics statements="25" coveredstatements="24" conditionals="8" coveredconditionals="7" methods="1" coveredmethods="1"/>
        <line num="1" count="2" type="stmt"/>
        <line num="3" count="2" type="stmt"/>
        <line num="4" count="7" type="stmt"/>
        <line num="5" count="7" type="stmt"/>
        <line num="6" count="7" type="stmt"/>
        <line num="7" count="7" type="stmt"/>
        <line num="8" count="33443" type="stmt"/>
        <line num="9" count="33443" type="cond" truecount="1" falsecount="0"/>
        <line num="10" count="13" type="stmt"/>
        <line num="11" count="13" type="cond" truecount="2" falsecount="0"/>
        <line num="12" count="4" type="stmt"/>
        <line num="14" count="9" type="stmt"/>
        <line num="15" count="9" type="cond" truecount="2" falsecount="0"/>
        <line num="16" count="6" type="stmt"/>
        <line num="18" count="3" type="cond" truecount="1" falsecount="0"/>
        <line num="19" count="3" type="stmt"/>
        <line num="20" count="3" type="stmt"/>
        <line num="21" count="3" type="cond" truecount="1" falsecount="1"/>
        <line num="22" count="3" type="stmt"/>
        <line num="23" count="3" type="stmt"/>
        <line num="24" count="3" type="stmt"/>
        <line num="25" count="3" type="stmt"/>
        <line num="27" count="0" type="stmt"/>
        <line num="33" count="33443" type="stmt"/>
        <line num="35" count="7" type="stmt"/>
      </file>
      <file name="v19.ts" path="/home/runner/work/util/util/src/buffers/utf8/decodeUtf8/v19.ts">
        <metrics statements="2" coveredstatements="2" conditionals="0" coveredconditionals="0" methods="0" coveredmethods="0"/>
        <line num="1" count="1" type="stmt"/>
        <line num="3" count="1" type="stmt"/>
      </file>
      <file name="v2.ts" path="/home/runner/work/util/util/src/buffers/utf8/decodeUtf8/v2.ts">
        <metrics statements="2" coveredstatements="2" conditionals="0" coveredconditionals="0" methods="1" coveredmethods="1"/>
        <line num="1" count="1" type="stmt"/>
        <line num="2" count="5" type="stmt"/>
      </file>
      <file name="v3.ts" path="/home/runner/work/util/util/src/buffers/utf8/decodeUtf8/v3.ts">
        <metrics statements="2" coveredstatements="2" conditionals="0" coveredconditionals="0" methods="1" coveredmethods="1"/>
        <line num="1" count="1" type="stmt"/>
        <line num="2" count="5" type="stmt"/>
      </file>
      <file name="v4.ts" path="/home/runner/work/util/util/src/buffers/utf8/decodeUtf8/v4.ts">
        <metrics statements="2" coveredstatements="2" conditionals="0" coveredconditionals="0" methods="1" coveredmethods="1"/>
        <line num="1" count="1" type="stmt"/>
        <line num="2" count="5" type="stmt"/>
      </file>
      <file name="v5.ts" path="/home/runner/work/util/util/src/buffers/utf8/decodeUtf8/v5.ts">
        <metrics statements="25" coveredstatements="24" conditionals="9" coveredconditionals="8" methods="1" coveredmethods="1"/>
        <line num="1" count="1" type="stmt"/>
        <line num="2" count="5" type="stmt"/>
        <line num="3" count="5" type="stmt"/>
        <line num="4" count="5" type="stmt"/>
        <line num="5" count="5" type="stmt"/>
        <line num="6" count="33438" type="stmt"/>
        <line num="7" count="33438" type="cond" truecount="2" falsecount="0"/>
        <line num="8" count="33430" type="stmt"/>
        <line num="9" count="33430" type="stmt"/>
        <line num="10" count="8" type="cond" truecount="2" falsecount="0"/>
        <line num="11" count="3" type="stmt"/>
        <line num="12" count="5" type="cond" truecount="2" falsecount="0"/>
        <line num="13" count="3" type="stmt"/>
        <line num="14" count="2" type="cond" truecount="1" falsecount="1"/>
        <line num="15" count="2" type="stmt"/>
        <line num="16" count="2" type="stmt"/>
        <line num="17" count="2" type="stmt"/>
        <line num="18" count="2" type="stmt"/>
        <line num="19" count="2" type="cond" truecount="1" falsecount="0"/>
        <line num="20" count="2" type="stmt"/>
        <line num="21" count="2" type="stmt"/>
        <line num="22" count="2" type="stmt"/>
        <line num="24" count="2" type="stmt"/>
        <line num="26" count="0" type="stmt"/>
        <line num="29" count="5" type="stmt"/>
      </file>
      <file name="v6.ts" path="/home/runner/work/util/util/src/buffers/utf8/decodeUtf8/v6.ts">
        <metrics statements="4" coveredstatements="4" conditionals="0" coveredconditionals="0" methods="1" coveredmethods="1"/>
        <line num="1" count="1" type="stmt"/>
        <line num="3" count="1" type="stmt"/>
        <line num="4" count="5" type="stmt"/>
        <line num="5" count="5" type="stmt"/>
      </file>
      <file name="v7.ts" path="/home/runner/work/util/util/src/buffers/utf8/decodeUtf8/v7.ts">
        <metrics statements="27" coveredstatements="26" conditionals="9" coveredconditionals="8" methods="1" coveredmethods="1"/>
        <line num="1" count="1" type="stmt"/>
        <line num="2" count="5" type="stmt"/>
        <line num="3" count="5" type="stmt"/>
        <line num="4" count="5" type="stmt"/>
        <line num="5" count="5" type="stmt"/>
        <line num="6" count="33438" type="stmt"/>
        <line num="7" count="33438" type="cond" truecount="2" falsecount="0"/>
        <line num="8" count="33430" type="stmt"/>
        <line num="9" count="8" type="cond" truecount="2" falsecount="0"/>
        <line num="10" count="3" type="stmt"/>
        <line num="11" count="3" type="stmt"/>
        <line num="12" count="5" type="cond" truecount="2" falsecount="0"/>
        <line num="13" count="3" type="stmt"/>
        <line num="14" count="3" type="stmt"/>
        <line num="15" count="3" type="stmt"/>
        <line num="16" count="2" type="cond" truecount="1" falsecount="1"/>
        <line num="17" count="2" type="stmt"/>
        <line num="18" count="2" type="stmt"/>
        <line num="19" count="2" type="stmt"/>
        <line num="20" count="2" type="stmt"/>
        <line num="21" count="2" type="cond" truecount="1" falsecount="0"/>
        <line num="22" count="2" type="stmt"/>
        <line num="23" count="2" type="stmt"/>
        <line num="24" count="2" type="stmt"/>
        <line num="26" count="2" type="stmt"/>
        <line num="28" count="0" type="stmt"/>
        <line num="31" count="5" type="stmt"/>
      </file>
      <file name="v8.ts" path="/home/runner/work/util/util/src/buffers/utf8/decodeUtf8/v8.ts">
        <metrics statements="32" coveredstatements="31" conditionals="11" coveredconditionals="10" methods="1" coveredmethods="1"/>
        <line num="2" count="1" type="stmt"/>
        <line num="3" count="5" type="stmt"/>
        <line num="4" count="5" type="stmt"/>
        <line num="5" count="5" type="stmt"/>
        <line num="6" count="5" type="stmt"/>
        <line num="7" count="5" type="stmt"/>
        <line num="8" count="33438" type="stmt"/>
        <line num="9" count="33438" type="cond" truecount="2" falsecount="0"/>
        <line num="10" count="33430" type="stmt"/>
        <line num="11" count="8" type="cond" truecount="2" falsecount="0"/>
        <line num="12" count="3" type="stmt"/>
        <line num="13" count="3" type="stmt"/>
        <line num="14" count="5" type="cond" truecount="2" falsecount="0"/>
        <line num="15" count="3" type="stmt"/>
        <line num="16" count="3" type="stmt"/>
        <line num="17" count="3" type="stmt"/>
        <line num="18" count="2" type="cond" truecount="1" falsecount="1"/>
        <line num="19" count="2" type="stmt"/>
        <line num="20" count="2" type="stmt"/>
        <line num="21" count="2" type="stmt"/>
        <line num="22" count="2" type="stmt"/>
        <line num="23" count="2" type="cond" truecount="1" falsecount="0"/>
        <line num="24" count="2" type="stmt"/>
        <line num="25" count="2" type="stmt"/>
        <line num="26" count="2" type="stmt"/>
        <line num="28" count="2" type="stmt"/>
        <line num="30" count="0" type="stmt"/>
        <line num="32" count="33438" type="cond" truecount="1" falsecount="0"/>
        <line num="33" count="4178" type="stmt"/>
        <line num="34" count="4178" type="stmt"/>
        <line num="37" count="5" type="cond" truecount="1" falsecount="0"/>
        <line num="38" count="5" type="stmt"/>
      </file>
      <file name="v9.ts" path="/home/runner/work/util/util/src/buffers/utf8/decodeUtf8/v9.ts">
        <metrics statements="27" coveredstatements="26" conditionals="6" coveredconditionals="5" methods="1" coveredmethods="1"/>
        <line num="1" count="1" type="stmt"/>
        <line num="2" count="5" type="stmt"/>
        <line num="3" count="5" type="stmt"/>
        <line num="4" count="5" type="stmt"/>
        <line num="5" count="5" type="stmt"/>
        <line num="6" count="33438" type="stmt"/>
        <line num="7" count="33438" type="cond" truecount="1" falsecount="0"/>
        <line num="8" count="33430" type="stmt"/>
        <line num="9" count="33430" type="stmt"/>
        <line num="11" count="8" type="stmt"/>
        <line num="12" count="8" type="cond" truecount="1" falsecount="0"/>
        <line num="13" count="3" type="stmt"/>
        <line num="14" count="3" type="stmt"/>
        <line num="16" count="5" type="stmt"/>
        <line num="17" count="5" type="cond" truecount="1" falsecount="0"/>
        <line num="18" count="3" type="stmt"/>
        <line num="19" count="3" type="stmt"/>
        <line num="21" count="2" type="cond" truecount="1" falsecount="1"/>
        <line num="22" count="2" type="stmt"/>
        <line num="23" count="2" type="stmt"/>
        <line num="24" count="2" type="cond" truecount="1" falsecount="0"/>
        <line num="25" count="2" type="stmt"/>
        <line num="26" count="2" type="stmt"/>
        <line num="27" count="2" type="stmt"/>
        <line num="29" count="2" type="stmt"/>
        <line num="31" count="0" type="stmt"/>
        <line num="34" count="5" type="stmt"/>
      </file>
    </package>
    <package name="codegen">
      <metrics statements="69" coveredstatements="34" conditionals="15" coveredconditionals="5" methods="27" coveredmethods="14"/>
      <file name="Codegen.ts" path="/home/runner/work/util/util/src/codegen/Codegen.ts">
        <metrics statements="64" coveredstatements="29" conditionals="15" coveredconditionals="5" methods="25" coveredmethods="12"/>
        <line num="1" count="1" type="stmt"/>
        <line num="7" count="1" type="stmt"/>
        <line num="8" count="4" type="stmt"/>
        <line num="83" count="1" type="stmt"/>
        <line num="88" count="1" type="stmt"/>
        <line num="94" count="1" type="stmt"/>
        <line num="99" count="0" type="stmt"/>
        <line num="103" count="1" type="stmt"/>
        <line num="110" count="2" type="stmt"/>
        <line num="114" count="0" type="stmt"/>
        <line num="115" count="0" type="cond" truecount="0" falsecount="2"/>
        <line num="116" count="0" type="stmt"/>
        <line num="117" count="0" type="stmt"/>
        <line num="121" count="0" type="stmt"/>
        <line num="122" count="0" type="stmt"/>
        <line num="123" count="0" type="cond" truecount="0" falsecount="1"/>
        <line num="124" count="0" type="stmt"/>
        <line num="125" count="0" type="stmt"/>
        <line num="127" count="0" type="stmt"/>
        <line num="131" count="0" type="stmt"/>
        <line num="132" count="0" type="stmt"/>
        <line num="133" count="0" type="stmt"/>
        <line num="137" count="0" type="stmt"/>
        <line num="138" count="0" type="stmt"/>
        <line num="139" count="0" type="stmt"/>
        <line num="147" count="0" type="stmt"/>
        <line num="148" count="0" type="stmt"/>
        <line num="149" count="0" type="stmt"/>
        <line num="150" count="0" type="stmt"/>
        <line num="151" count="0" type="cond" truecount="0" falsecount="1"/>
        <line num="152" count="0" type="stmt"/>
        <line num="154" count="0" type="cond" truecount="0" falsecount="1"/>
        <line num="155" count="0" type="stmt"/>
        <line num="156" count="0" type="stmt"/>
        <line num="157" count="0" type="stmt"/>
        <line num="159" count="0" type="stmt"/>
        <line num="163" count="0" type="stmt"/>
        <line num="174" count="1" type="stmt"/>
        <line num="194" count="0" type="stmt"/>
        <line num="197" count="0" type="stmt"/>
        <line num="201" count="1" type="stmt"/>
        <line num="202" count="1" type="stmt"/>
        <line num="216" count="1" type="stmt"/>
        <line num="217" count="1" type="stmt"/>
        <line num="218" count="1" type="stmt"/>
        <line num="226" count="0" type="stmt"/>
        <line num="229" count="1" type="stmt"/>
        <line num="239" count="0" type="cond" truecount="0" falsecount="1"/>
        <line num="240" count="0" type="stmt"/>
        <line num="241" count="0" type="stmt"/>
        <line num="245" count="1" type="stmt"/>
        <line num="246" count="1" type="stmt"/>
        <line num="260" count="2" type="stmt"/>
        <line num="261" count="2" type="stmt"/>
        <line num="262" count="2" type="stmt"/>
        <line num="270" count="2" type="stmt"/>
        <line num="283" count="2" type="stmt"/>
        <line num="284" count="2" type="stmt"/>
        <line num="285" count="2" type="stmt"/>
        <line num="286" count="4" type="stmt"/>
        <line num="289" count="6" type="stmt"/>
        <line num="293" count="2" type="stmt"/>
        <line num="305" count="1" type="stmt"/>
        <line num="306" count="1" type="stmt"/>
      </file>
      <file name="compile.ts" path="/home/runner/work/util/util/src/codegen/compile.ts">
        <metrics statements="2" coveredstatements="2" conditionals="0" coveredconditionals="0" methods="2" coveredmethods="2"/>
        <line num="5" count="1" type="stmt"/>
        <line num="7" count="1" type="stmt"/>
      </file>
      <file name="index.ts" path="/home/runner/work/util/util/src/codegen/index.ts">
        <metrics statements="3" coveredstatements="3" conditionals="0" coveredconditionals="0" methods="0" coveredmethods="0"/>
        <line num="1" count="1" type="stmt"/>
        <line num="2" count="1" type="stmt"/>
        <line num="3" count="1" type="stmt"/>
      </file>
    </package>
    <package name="compression">
      <metrics statements="8" coveredstatements="8" conditionals="0" coveredconditionals="0" methods="6" coveredmethods="6"/>
      <file name="gzip.ts" path="/home/runner/work/util/util/src/compression/gzip.ts">
        <metrics statements="8" coveredstatements="8" conditionals="0" coveredconditionals="0" methods="6" coveredmethods="6"/>
        <line num="1" count="1" type="stmt"/>
        <line num="2" count="1" type="stmt"/>
        <line num="4" count="1" type="stmt"/>
        <line num="7" count="2" type="stmt"/>
        <line num="9" count="1" type="stmt"/>
        <line num="10" count="1" type="stmt"/>
        <line num="12" count="1" type="stmt"/>
        <line num="13" count="1" type="stmt"/>
      </file>
    </package>
    <package name="json-clone">
      <metrics statements="38" coveredstatements="38" conditionals="9" coveredconditionals="9" methods="2" coveredmethods="2"/>
      <file name="clone.ts" path="/home/runner/work/util/util/src/json-clone/clone.ts">
        <metrics statements="18" coveredstatements="18" conditionals="4" coveredconditionals="4" methods="1" coveredmethods="1"/>
        <line num="1" count="1" type="stmt"/>
        <line num="2" count="1" type="stmt"/>
        <line num="10" count="1" type="stmt"/>
        <line num="11" count="3849" type="cond" truecount="1" falsecount="0"/>
        <line num="12" count="3754" type="cond" truecount="2" falsecount="0"/>
        <line num="13" count="918" type="stmt"/>
        <line num="14" count="918" type="stmt"/>
        <line num="15" count="918" type="stmt"/>
        <line num="16" count="918" type="stmt"/>
        <line num="17" count="2836" type="cond" truecount="1" falsecount="0"/>
        <line num="18" count="1351" type="stmt"/>
        <line num="19" count="1351" type="stmt"/>
        <line num="20" count="1351" type="stmt"/>
        <line num="21" count="1351" type="stmt"/>
        <line num="22" count="2990" type="stmt"/>
        <line num="23" count="2990" type="stmt"/>
        <line num="25" count="1351" type="stmt"/>
        <line num="27" count="1485" type="stmt"/>
      </file>
      <file name="cloneBinary.ts" path="/home/runner/work/util/util/src/json-clone/cloneBinary.ts">
        <metrics statements="20" coveredstatements="20" conditionals="5" coveredconditionals="5" methods="1" coveredmethods="1"/>
        <line num="1" count="1" type="stmt"/>
        <line num="3" count="1" type="stmt"/>
        <line num="4" count="1" type="stmt"/>
        <line num="12" count="1" type="stmt"/>
        <line num="13" count="3878" type="cond" truecount="1" falsecount="0"/>
        <line num="14" count="3782" type="cond" truecount="2" falsecount="0"/>
        <line num="15" count="921" type="stmt"/>
        <line num="16" count="921" type="stmt"/>
        <line num="17" count="921" type="stmt"/>
        <line num="18" count="921" type="stmt"/>
        <line num="19" count="2861" type="cond" truecount="1" falsecount="0"/>
        <line num="20" count="1372" type="cond" truecount="1" falsecount="0"/>
        <line num="21" count="1357" type="stmt"/>
        <line num="22" count="1357" type="stmt"/>
        <line num="23" count="1357" type="stmt"/>
        <line num="24" count="1357" type="stmt"/>
        <line num="25" count="3004" type="stmt"/>
        <line num="26" count="3004" type="stmt"/>
        <line num="28" count="1357" type="stmt"/>
        <line num="30" count="1489" type="stmt"/>
      </file>
    </package>
    <package name="json-equal.$$deepEqual">
      <metrics statements="36" coveredstatements="36" conditionals="14" coveredconditionals="14" methods="2" coveredmethods="2"/>
      <file name="index.ts" path="/home/runner/work/util/util/src/json-equal/$$deepEqual/index.ts">
        <metrics statements="1" coveredstatements="1" conditionals="0" coveredconditionals="0" methods="0" coveredmethods="0"/>
        <line num="1" count="3" type="stmt"/>
      </file>
      <file name="v1.ts" path="/home/runner/work/util/util/src/json-equal/$$deepEqual/v1.ts">
        <metrics statements="35" coveredstatements="35" conditionals="14" coveredconditionals="14" methods="2" coveredmethods="2"/>
        <line num="3" count="3" type="stmt"/>
        <line num="4" count="10110" type="stmt"/>
        <line num="5" count="10110" type="stmt"/>
        <line num="6" count="10110" type="cond" truecount="4" falsecount="0"/>
        <line num="9" count="10110" type="cond" truecount="1" falsecount="0"/>
        <line num="10" count="8073" type="cond" truecount="2" falsecount="0"/>
        <line num="11" count="3" type="stmt"/>
        <line num="12" count="8070" type="cond" truecount="2" falsecount="0"/>
        <line num="13" count="1" type="stmt"/>
        <line num="15" count="8069" type="stmt"/>
        <line num="17" count="8073" type="stmt"/>
        <line num="21" count="2037" type="cond" truecount="1" falsecount="0"/>
        <line num="22" count="842" type="stmt"/>
        <line num="23" count="842" type="stmt"/>
        <line num="24" count="2772" type="stmt"/>
        <line num="25" count="2772" type="stmt"/>
        <line num="26" count="2772" type="stmt"/>
        <line num="28" count="842" type="stmt"/>
        <line num="32" count="1195" type="cond" truecount="3" falsecount="0"/>
        <line num="33" count="1192" type="stmt"/>
        <line num="34" count="1192" type="stmt"/>
        <line num="35" count="1192" type="stmt"/>
        <line num="38" count="1192" type="stmt"/>
        <line num="39" count="6954" type="stmt"/>
        <line num="40" count="6954" type="stmt"/>
        <line num="41" count="6954" type="stmt"/>
        <line num="46" count="1195" type="cond" truecount="1" falsecount="0"/>
        <line num="47" count="3" type="stmt"/>
        <line num="48" count="3" type="stmt"/>
        <line num="51" count="1192" type="stmt"/>
        <line num="54" count="3" type="stmt"/>
        <line num="55" count="384" type="stmt"/>
        <line num="56" count="384" type="stmt"/>
        <line num="58" count="384" type="stmt"/>
        <line num="61" count="384" type="stmt"/>
      </file>
    </package>
    <package name="json-equal.deepEqual">
      <metrics statements="20" coveredstatements="20" conditionals="13" coveredconditionals="13" methods="1" coveredmethods="1"/>
      <file name="index.ts" path="/home/runner/work/util/util/src/json-equal/deepEqual/index.ts">
        <metrics statements="1" coveredstatements="1" conditionals="0" coveredconditionals="0" methods="0" coveredmethods="0"/>
        <line num="1" count="2" type="stmt"/>
      </file>
      <file name="v5.ts" path="/home/runner/work/util/util/src/json-equal/deepEqual/v5.ts">
        <metrics statements="19" coveredstatements="19" conditionals="13" coveredconditionals="13" methods="1" coveredmethods="1"/>
        <line num="1" count="2" type="stmt"/>
        <line num="3" count="2" type="stmt"/>
        <line num="5" count="6854" type="cond" truecount="1" falsecount="0"/>
        <line num="9" count="1308" type="cond" truecount="1" falsecount="0"/>
        <line num="10" count="531" type="cond" truecount="1" falsecount="0"/>
        <line num="11" count="528" type="stmt"/>
        <line num="12" count="528" type="cond" truecount="1" falsecount="0"/>
        <line num="13" count="1702" type="cond" truecount="1" falsecount="0"/>
        <line num="14" count="518" type="stmt"/>
        <line num="18" count="777" type="cond" truecount="5" falsecount="0"/>
        <line num="19" count="742" type="stmt"/>
        <line num="20" count="742" type="stmt"/>
        <line num="21" count="742" type="cond" truecount="1" falsecount="0"/>
        <line num="22" count="739" type="cond" truecount="1" falsecount="0"/>
        <line num="23" count="738" type="stmt"/>
        <line num="24" count="4776" type="stmt"/>
        <line num="25" count="4776" type="cond" truecount="1" falsecount="0"/>
        <line num="27" count="724" type="stmt"/>
        <line num="30" count="35" type="stmt"/>
      </file>
    </package>
    <package name="json-equal.deepEqual.__tests__">
      <metrics statements="13" coveredstatements="12" conditionals="0" coveredconditionals="0" methods="3" coveredmethods="3"/>
      <file name="runDeepEqualTestSuite.ts" path="/home/runner/work/util/util/src/json-equal/deepEqual/__tests__/runDeepEqualTestSuite.ts">
        <metrics statements="12" coveredstatements="11" conditionals="0" coveredconditionals="0" methods="3" coveredmethods="3"/>
        <line num="1" count="2" type="stmt"/>
        <line num="3" count="2" type="stmt"/>
        <line num="4" count="2" type="stmt"/>
        <line num="5" count="8" type="stmt"/>
        <line num="6" count="8" type="stmt"/>
        <line num="7" count="76" type="stmt"/>
        <line num="8" count="76" type="stmt"/>
        <line num="9" count="76" type="stmt"/>
        <line num="10" count="76" type="stmt"/>
        <line num="11" count="76" type="stmt"/>
        <line num="12" count="76" type="stmt"/>
        <line num="14" count="0" type="stmt"/>
      </file>
      <file name="tests.ts" path="/home/runner/work/util/util/src/json-equal/deepEqual/__tests__/tests.ts">
        <metrics statements="1" coveredstatements="1" conditionals="0" coveredconditionals="0" methods="0" coveredmethods="0"/>
        <line num="13" count="2" type="stmt"/>
      </file>
    </package>
    <package name="json-random">
      <metrics statements="68" coveredstatements="61" conditionals="40" coveredconditionals="32" methods="16" coveredmethods="14"/>
      <file name="RandomJson.ts" path="/home/runner/work/util/util/src/json-random/RandomJson.ts">
        <metrics statements="67" coveredstatements="60" conditionals="40" coveredconditionals="32" methods="16" coveredmethods="14"/>
        <line num="22" count="5" type="stmt"/>
        <line num="38" count="5" type="stmt"/>
        <line num="39" count="126602" type="stmt"/>
        <line num="42" count="5" type="stmt"/>
        <line num="140" count="5" type="stmt"/>
        <line num="141" count="14089" type="stmt"/>
        <line num="151" count="5" type="stmt"/>
        <line num="153" count="203" type="stmt"/>
        <line num="154" count="203" type="stmt"/>
        <line num="158" count="806" type="stmt"/>
        <line num="163" count="3744" type="cond" truecount="2" falsecount="0"/>
        <line num="170" count="3744" type="cond" truecount="0" falsecount="1"/>
        <line num="171" count="3744" type="stmt"/>
        <line num="175" count="15524" type="stmt"/>
        <line num="176" count="15524" type="cond" truecount="2" falsecount="0"/>
        <line num="177" count="126254" type="stmt"/>
        <line num="178" count="15524" type="cond" truecount="1" falsecount="0"/>
        <line num="179" count="15176" type="stmt"/>
        <line num="183" count="0" type="stmt"/>
        <line num="184" count="0" type="stmt"/>
        <line num="185" count="0" type="stmt"/>
        <line num="189" count="1" type="stmt"/>
        <line num="197" count="1" type="stmt"/>
        <line num="213" count="206" type="stmt"/>
        <line num="219" count="206" type="stmt"/>
        <line num="220" count="206" type="stmt"/>
        <line num="221" count="206" type="stmt"/>
        <line num="222" count="206" type="stmt"/>
        <line num="223" count="206" type="stmt"/>
        <line num="224" count="206" type="stmt"/>
        <line num="225" count="206" type="stmt"/>
        <line num="226" count="206" type="stmt"/>
        <line num="227" count="206" type="stmt"/>
        <line num="228" count="206" type="stmt"/>
        <line num="236" count="206" type="stmt"/>
        <line num="244" count="206" type="stmt"/>
        <line num="251" count="9708" type="stmt"/>
        <line num="252" count="305" type="stmt"/>
        <line num="259" count="9708" type="stmt"/>
        <line num="260" count="9708" type="stmt"/>
        <line num="261" count="9708" type="stmt"/>
        <line num="262" count="9708" type="cond" truecount="3" falsecount="0"/>
        <line num="263" count="9708" type="cond" truecount="2" falsecount="0"/>
        <line num="264" count="3362" type="stmt"/>
        <line num="265" count="3362" type="stmt"/>
        <line num="267" count="6346" type="stmt"/>
        <line num="268" count="6346" type="stmt"/>
        <line num="276" count="9708" type="cond" truecount="6" falsecount="1"/>
        <line num="278" count="377" type="stmt"/>
        <line num="280" count="805" type="stmt"/>
        <line num="282" count="3743" type="stmt"/>
        <line num="284" count="3177" type="stmt"/>
        <line num="286" count="0" type="stmt"/>
        <line num="288" count="814" type="stmt"/>
        <line num="290" count="792" type="stmt"/>
        <line num="296" count="9708" type="stmt"/>
        <line num="297" count="9708" type="cond" truecount="1" falsecount="0"/>
        <line num="298" count="9331" type="cond" truecount="1" falsecount="0"/>
        <line num="299" count="8526" type="cond" truecount="1" falsecount="0"/>
        <line num="300" count="4783" type="cond" truecount="1" falsecount="0"/>
        <line num="301" count="1606" type="cond" truecount="0" falsecount="1"/>
        <line num="302" count="1606" type="cond" truecount="1" falsecount="0"/>
        <line num="303" count="792" type="stmt"/>
        <line num="310" count="0" type="stmt"/>
        <line num="311" count="0" type="cond" truecount="0" falsecount="1"/>
        <line num="312" count="0" type="stmt"/>
        <line num="319" count="9708" type="stmt"/>
      </file>
      <file name="index.ts" path="/home/runner/work/util/util/src/json-random/index.ts">
        <metrics statements="1" coveredstatements="1" conditionals="0" coveredconditionals="0" methods="0" coveredmethods="0"/>
        <line num="1" count="1" type="stmt"/>
      </file>
    </package>
    <package name="json-size">
      <metrics statements="92" coveredstatements="87" conditionals="47" coveredconditionals="42" methods="11" coveredmethods="11"/>
      <file name="index.ts" path="/home/runner/work/util/util/src/json-size/index.ts">
        <metrics statements="3" coveredstatements="3" conditionals="0" coveredconditionals="0" methods="0" coveredmethods="0"/>
        <line num="1" count="1" type="stmt"/>
        <line num="2" count="1" type="stmt"/>
        <line num="3" count="1" type="stmt"/>
      </file>
      <file name="json.ts" path="/home/runner/work/util/util/src/json-size/json.ts">
        <metrics statements="50" coveredstatements="49" conditionals="29" coveredconditionals="28" methods="7" coveredmethods="7"/>
        <line num="1" count="2" type="stmt"/>
        <line num="3" count="2" type="stmt"/>
        <line num="4" count="62797" type="stmt"/>
        <line num="5" count="62797" type="cond" truecount="3" falsecount="0"/>
        <line num="6" count="50701" type="stmt"/>
        <line num="9" count="2" type="stmt"/>
        <line num="10" count="135754" type="stmt"/>
        <line num="11" count="135754" type="stmt"/>
        <line num="12" count="135754" type="stmt"/>
        <line num="13" count="135754" type="stmt"/>
        <line num="14" count="1097059" type="stmt"/>
        <line num="15" count="1097059" type="cond" truecount="2" falsecount="0"/>
        <line num="16" count="1091467" type="cond" truecount="7" falsecount="0"/>
        <line num="24" count="25103" type="stmt"/>
        <line num="25" count="25103" type="stmt"/>
        <line num="27" count="1091467" type="stmt"/>
        <line num="28" count="5592" type="stmt"/>
        <line num="30" count="130162" type="stmt"/>
        <line num="33" count="13569" type="cond" truecount="2" falsecount="0"/>
        <line num="35" count="2" type="stmt"/>
        <line num="36" count="13605" type="stmt"/>
        <line num="37" count="13605" type="stmt"/>
        <line num="38" count="78139" type="stmt"/>
        <line num="39" count="13605" type="cond" truecount="2" falsecount="0"/>
        <line num="42" count="2" type="stmt"/>
        <line num="43" count="13387" type="stmt"/>
        <line num="44" count="13387" type="stmt"/>
        <line num="45" count="13387" type="stmt"/>
        <line num="46" count="83485" type="cond" truecount="1" falsecount="0"/>
        <line num="47" count="83485" type="stmt"/>
        <line num="48" count="83485" type="stmt"/>
        <line num="50" count="13387" type="stmt"/>
        <line num="51" count="13387" type="cond" truecount="2" falsecount="0"/>
        <line num="52" count="13387" type="stmt"/>
        <line num="61" count="2" type="stmt"/>
        <line num="62" count="161753" type="cond" truecount="1" falsecount="0"/>
        <line num="63" count="155612" type="cond" truecount="3" falsecount="0"/>
        <line num="65" count="62792" type="stmt"/>
        <line num="67" count="52269" type="stmt"/>
        <line num="69" count="13567" type="stmt"/>
        <line num="71" count="26984" type="cond" truecount="1" falsecount="0"/>
        <line num="72" count="13384" type="stmt"/>
        <line num="82" count="2" type="stmt"/>
        <line num="83" count="16" type="cond" truecount="1" falsecount="0"/>
        <line num="84" count="15" type="cond" truecount="2" falsecount="1"/>
        <line num="86" count="5" type="stmt"/>
        <line num="88" count="0" type="stmt"/>
        <line num="90" count="2" type="stmt"/>
        <line num="92" count="8" type="cond" truecount="1" falsecount="0"/>
        <line num="93" count="3" type="stmt"/>
      </file>
      <file name="jsonSizeFast.ts" path="/home/runner/work/util/util/src/json-size/jsonSizeFast.ts">
        <metrics statements="16" coveredstatements="16" conditionals="6" coveredconditionals="6" methods="3" coveredmethods="3"/>
        <line num="1" count="2" type="stmt"/>
        <line num="2" count="2" type="stmt"/>
        <line num="3" count="8" type="stmt"/>
        <line num="4" count="2" type="stmt"/>
        <line num="7" count="2" type="stmt"/>
        <line num="8" count="4" type="stmt"/>
        <line num="9" count="9" type="cond" truecount="1" falsecount="0"/>
        <line num="10" count="4" type="stmt"/>
        <line num="44" count="2" type="stmt"/>
        <line num="45" count="28" type="cond" truecount="1" falsecount="0"/>
        <line num="46" count="25" type="cond" truecount="3" falsecount="0"/>
        <line num="48" count="6" type="stmt"/>
        <line num="50" count="7" type="stmt"/>
        <line num="52" count="6" type="stmt"/>
        <line num="54" count="6" type="cond" truecount="1" falsecount="0"/>
        <line num="55" count="4" type="stmt"/>
      </file>
      <file name="maxEncodingCapacity.ts" path="/home/runner/work/util/util/src/json-size/maxEncodingCapacity.ts">
        <metrics statements="23" coveredstatements="19" conditionals="12" coveredconditionals="8" methods="1" coveredmethods="1"/>
        <line num="16" count="2" type="stmt"/>
        <line num="17" count="91" type="cond" truecount="4" falsecount="2"/>
        <line num="19" count="5" type="stmt"/>
        <line num="21" count="62" type="stmt"/>
        <line num="23" count="2" type="stmt"/>
        <line num="25" count="22" type="cond" truecount="1" falsecount="0"/>
        <line num="26" count="21" type="stmt"/>
        <line num="27" count="21" type="cond" truecount="2" falsecount="2"/>
        <line num="29" count="4" type="stmt"/>
        <line num="30" count="4" type="stmt"/>
        <line num="31" count="4" type="stmt"/>
        <line num="32" count="12" type="stmt"/>
        <line num="33" count="4" type="stmt"/>
        <line num="36" count="0" type="stmt"/>
        <line num="39" count="17" type="stmt"/>
        <line num="40" count="17" type="stmt"/>
        <line num="41" count="17" type="stmt"/>
        <line num="42" count="33" type="cond" truecount="1" falsecount="0"/>
        <line num="43" count="33" type="stmt"/>
        <line num="44" count="17" type="stmt"/>
        <line num="47" count="0" type="stmt"/>
        <line num="51" count="0" type="stmt"/>
        <line num="53" count="0" type="stmt"/>
      </file>
    </package>
    <package name="json-size.__tests__">
      <metrics statements="44" coveredstatements="44" conditionals="4" coveredconditionals="4" methods="9" coveredmethods="9"/>
      <file name="testJsonSize.ts" path="/home/runner/work/util/util/src/json-size/__tests__/testJsonSize.ts">
        <metrics statements="44" coveredstatements="44" conditionals="4" coveredconditionals="4" methods="9" coveredmethods="9"/>
        <line num="1" count="1" type="stmt"/>
        <line num="3" count="1" type="stmt"/>
        <line num="7" count="2" type="stmt"/>
        <line num="8" count="2" type="stmt"/>
        <line num="11" count="2" type="stmt"/>
        <line num="12" count="2" type="stmt"/>
        <line num="13" count="2" type="stmt"/>
        <line num="16" count="2" type="stmt"/>
        <line num="17" count="2" type="stmt"/>
        <line num="18" count="2" type="stmt"/>
        <line num="19" count="2" type="stmt"/>
        <line num="20" count="2" type="stmt"/>
        <line num="21" count="2" type="stmt"/>
        <line num="24" count="2" type="cond" truecount="1" falsecount="0"/>
        <line num="25" count="1" type="stmt"/>
        <line num="26" count="1" type="stmt"/>
        <line num="27" count="1" type="stmt"/>
        <line num="28" count="1" type="stmt"/>
        <line num="29" count="1" type="stmt"/>
        <line num="30" count="1" type="stmt"/>
        <line num="31" count="1" type="stmt"/>
        <line num="35" count="2" type="cond" truecount="1" falsecount="0"/>
        <line num="36" count="1" type="stmt"/>
        <line num="37" count="1" type="stmt"/>
        <line num="38" count="1" type="stmt"/>
        <line num="39" count="1" type="stmt"/>
        <line num="40" count="1" type="stmt"/>
        <line num="41" count="1" type="stmt"/>
        <line num="42" count="1" type="stmt"/>
        <line num="43" count="1" type="stmt"/>
        <line num="47" count="2" type="stmt"/>
        <line num="48" count="2" type="stmt"/>
        <line num="49" count="2" type="stmt"/>
        <line num="50" count="2" type="stmt"/>
        <line num="51" count="2" type="stmt"/>
        <line num="54" count="2" type="stmt"/>
        <line num="55" count="2" type="stmt"/>
        <line num="56" count="2" type="stmt"/>
        <line num="57" count="2" type="stmt"/>
        <line num="60" count="2" type="stmt"/>
        <line num="61" count="2" type="stmt"/>
        <line num="62" count="2" type="stmt"/>
        <line num="63" count="2" type="stmt"/>
        <line num="64" count="2" type="stmt"/>
      </file>
    </package>
    <package name="print">
      <metrics statements="17" coveredstatements="17" conditionals="11" coveredconditionals="7" methods="2" coveredmethods="2"/>
      <file name="printBinary.ts" path="/home/runner/work/util/util/src/print/printBinary.ts">
        <metrics statements="6" coveredstatements="6" conditionals="3" coveredconditionals="2" methods="1" coveredmethods="1"/>
        <line num="3" count="1" type="cond" truecount="0" falsecount="1"/>
        <line num="4" count="6" type="stmt"/>
        <line num="5" count="6" type="stmt"/>
        <line num="6" count="6" type="cond" truecount="1" falsecount="0"/>
        <line num="7" count="6" type="cond" truecount="1" falsecount="0"/>
        <line num="8" count="6" type="stmt"/>
      </file>
      <file name="printTree.ts" path="/home/runner/work/util/util/src/print/printTree.ts">
        <metrics statements="11" coveredstatements="11" conditionals="8" coveredconditionals="5" methods="1" coveredmethods="1"/>
        <line num="3" count="1" type="cond" truecount="0" falsecount="1"/>
        <line num="4" count="7" type="stmt"/>
        <line num="5" count="7" type="stmt"/>
        <line num="6" count="7" type="stmt"/>
        <line num="7" count="10" type="stmt"/>
        <line num="8" count="10" type="stmt"/>
        <line num="9" count="10" type="cond" truecount="0" falsecount="1"/>
        <line num="10" count="10" type="cond" truecount="2" falsecount="0"/>
        <line num="11" count="10" type="cond" truecount="3" falsecount="1"/>
        <line num="12" count="10" type="stmt"/>
        <line num="14" count="7" type="stmt"/>
      </file>
    </package>
    <package name="streams">
      <metrics statements="13" coveredstatements="13" conditionals="1" coveredconditionals="1" methods="4" coveredmethods="4"/>
      <file name="fromStream.ts" path="/home/runner/work/util/util/src/streams/fromStream.ts">
        <metrics statements="9" coveredstatements="9" conditionals="1" coveredconditionals="1" methods="2" coveredmethods="2"/>
        <line num="1" count="1" type="stmt"/>
        <line num="3" count="2" type="stmt"/>
        <line num="4" count="2" type="stmt"/>
        <line num="5" count="2" type="stmt"/>
        <line num="6" count="2" type="stmt"/>
        <line num="7" count="5" type="stmt"/>
        <line num="8" count="5" type="cond" truecount="1" falsecount="0"/>
        <line num="9" count="3" type="stmt"/>
        <line num="11" count="2" type="stmt"/>
      </file>
      <file name="toStream.ts" path="/home/runner/work/util/util/src/streams/toStream.ts">
        <metrics statements="4" coveredstatements="4" conditionals="0" coveredconditionals="0" methods="2" coveredmethods="2"/>
        <line num="1" count="1" type="stmt"/>
        <line num="2" count="2" type="stmt"/>
        <line num="4" count="2" type="stmt"/>
        <line num="5" count="2" type="stmt"/>
      </file>
    </package>
    <package name="strings">
      <metrics statements="49" coveredstatements="49" conditionals="31" coveredconditionals="28" methods="8" coveredmethods="8"/>
      <file name="asString.ts" path="/home/runner/work/util/util/src/strings/asString.ts">
        <metrics statements="17" coveredstatements="17" conditionals="12" coveredconditionals="12" methods="1" coveredmethods="1"/>
        <line num="1" count="1" type="stmt"/>
        <line num="4" count="1" type="stmt"/>
        <line num="5" count="20028" type="stmt"/>
        <line num="6" count="20028" type="cond" truecount="1" falsecount="0"/>
        <line num="7" count="20026" type="stmt"/>
        <line num="8" count="20026" type="stmt"/>
        <line num="9" count="20026" type="stmt"/>
        <line num="10" count="20026" type="stmt"/>
        <line num="11" count="20026" type="cond" truecount="2" falsecount="0"/>
        <line num="12" count="23214" type="stmt"/>
        <line num="13" count="23214" type="cond" truecount="3" falsecount="0"/>
        <line num="14" count="3214" type="cond" truecount="3" falsecount="0"/>
        <line num="15" count="2" type="stmt"/>
        <line num="16" count="2" type="stmt"/>
        <line num="17" count="2" type="stmt"/>
        <line num="20" count="26" type="cond" truecount="1" falsecount="0"/>
        <line num="21" count="10" type="cond" truecount="2" falsecount="0"/>
      </file>
      <file name="utf8.ts" path="/home/runner/work/util/util/src/strings/utf8.ts">
        <metrics statements="15" coveredstatements="15" conditionals="9" coveredconditionals="9" methods="1" coveredmethods="1"/>
        <line num="8" count="3" type="stmt"/>
        <line num="9" count="5708" type="stmt"/>
        <line num="10" count="5708" type="stmt"/>
        <line num="11" count="5708" type="stmt"/>
        <line num="12" count="5708" type="stmt"/>
        <line num="13" count="2863442" type="stmt"/>
        <line num="14" count="2863442" type="cond" truecount="2" falsecount="0"/>
        <line num="15" count="2845442" type="stmt"/>
        <line num="16" count="2845442" type="stmt"/>
        <line num="17" count="18000" type="cond" truecount="2" falsecount="0"/>
        <line num="19" count="5087" type="cond" truecount="4" falsecount="0"/>
        <line num="20" count="9" type="stmt"/>
        <line num="21" count="9" type="cond" truecount="1" falsecount="0"/>
        <line num="23" count="5087" type="stmt"/>
        <line num="26" count="5708" type="stmt"/>
      </file>
      <file name="util.ts" path="/home/runner/work/util/util/src/strings/util.ts">
        <metrics statements="5" coveredstatements="5" conditionals="2" coveredconditionals="2" methods="3" coveredmethods="3"/>
        <line num="1" count="1" type="stmt"/>
        <line num="2" count="1" type="stmt"/>
        <line num="6" count="19" type="stmt"/>
        <line num="7" count="13" type="stmt"/>
        <line num="8" count="8" type="cond" truecount="2" falsecount="0"/>
      </file>
      <file name="wordWrap.ts" path="/home/runner/work/util/util/src/strings/wordWrap.ts">
        <metrics statements="12" coveredstatements="12" conditionals="8" coveredconditionals="5" methods="3" coveredmethods="3"/>
        <line num="5" count="1" type="stmt"/>
        <line num="6" count="19" type="cond" truecount="1" falsecount="1"/>
        <line num="7" count="1" type="stmt"/>
        <line num="8" count="19" type="stmt"/>
        <line num="9" count="19" type="stmt"/>
        <line num="12" count="1" type="cond" truecount="1" falsecount="0"/>
        <line num="13" count="3" type="cond" truecount="0" falsecount="1"/>
        <line num="15" count="3" type="cond" truecount="2" falsecount="0"/>
        <line num="16" count="3" type="stmt"/>
        <line num="17" count="3" type="stmt"/>
        <line num="18" count="3" type="cond" truecount="1" falsecount="1"/>
        <line num="20" count="3" type="stmt"/>
      </file>
    </package>
  </project>
</coverage>
