{"/home/runner/work/util/util/src/__tests__/binary-documents.ts": {"path":"/home/runner/work/util/util/src/__tests__/binary-documents.ts","statementMap":{"0":{"start":{"line":7,"column":13},"end":{"line":63,"column":2}}},"fnMap":{},"branchMap":{},"s":{"0":1},"f":{},"b":{}}
,"/home/runner/work/util/util/src/__tests__/json-documents.ts": {"path":"/home/runner/work/util/util/src/__tests__/json-documents.ts","statementMap":{"0":{"start":{"line":10,"column":13},"end":{"line":5005,"column":2}}},"fnMap":{},"branchMap":{},"s":{"0":2},"f":{},"b":{}}
,"/home/runner/work/util/util/src/buffers/b.ts": {"path":"/home/runner/work/util/util/src/buffers/b.ts","statementMap":{"0":{"start":{"line":1,"column":0},"end":{"line":1,"column":43}}},"fnMap":{},"branchMap":{},"s":{"0":2},"f":{},"b":{}}
,"/home/runner/work/util/util/src/buffers/concat.ts": {"path":"/home/runner/work/util/util/src/buffers/concat.ts","statementMap":{"0":{"start":{"line":1,"column":0},"end":{"line":1,"column":48}}},"fnMap":{},"branchMap":{},"s":{"0":1},"f":{},"b":{}}
,"/home/runner/work/util/util/src/buffers/isUint8Array.ts": {"path":"/home/runner/work/util/util/src/buffers/isUint8Array.ts","statementMap":{"0":{"start":{"line":1,"column":0},"end":{"line":1,"column":54}}},"fnMap":{},"branchMap":{},"s":{"0":1},"f":{},"b":{}}
,"/home/runner/work/util/util/src/buffers/strings.ts": {"path":"/home/runner/work/util/util/src/buffers/strings.ts","statementMap":{"0":{"start":{"line":1,"column":0},"end":{"line":1,"column":49}}},"fnMap":{},"branchMap":{},"s":{"0":1},"f":{},"b":{}}
,"/home/runner/work/util/util/src/compression/gzip.ts": {"path":"/home/runner/work/util/util/src/compression/gzip.ts","statementMap":{"0":{"start":{"line":1,"column":0},"end":{"line":1,"column":49}},"1":{"start":{"line":2,"column":0},"end":{"line":2,"column":45}},"2":{"start":{"line":4,"column":20},"end":{"line":7,"column":94}},"3":{"start":{"line":7,"column":25},"end":{"line":7,"column":94}},"4":{"start":{"line":7,"column":26},"end":{"line":7,"column":94}},"5":{"start":{"line":9,"column":20},"end":{"line":10,"column":57}},"6":{"start":{"line":9,"column":68},"end":{"line":10,"column":57}},"7":{"start":{"line":10,"column":2},"end":{"line":10,"column":57}},"8":{"start":{"line":9,"column":13},"end":{"line":9,"column":20}},"9":{"start":{"line":12,"column":22},"end":{"line":13,"column":59}},"10":{"start":{"line":12,"column":70},"end":{"line":13,"column":59}},"11":{"start":{"line":13,"column":2},"end":{"line":13,"column":59}},"12":{"start":{"line":12,"column":13},"end":{"line":12,"column":22}}},"fnMap":{"0":{"name":"(anonymous_0)","decl":{"start":{"line":4,"column":20},"end":{"line":4,"column":null}},"loc":{"start":{"line":7,"column":25},"end":{"line":7,"column":94}}},"1":{"name":"(anonymous_1)","decl":{"start":{"line":7,"column":25},"end":{"line":7,"column":26}},"loc":{"start":{"line":7,"column":25},"end":{"line":7,"column":94}}},"2":{"name":"(anonymous_2)","decl":{"start":{"line":9,"column":20},"end":{"line":9,"column":27}},"loc":{"start":{"line":9,"column":68},"end":{"line":10,"column":57}}},"3":{"name":"(anonymous_3)","decl":{"start":{"line":9,"column":68},"end":{"line":9,"column":null}},"loc":{"start":{"line":9,"column":68},"end":{"line":10,"column":57}}},"4":{"name":"(anonymous_4)","decl":{"start":{"line":12,"column":22},"end":{"line":12,"column":29}},"loc":{"start":{"line":12,"column":70},"end":{"line":13,"column":59}}},"5":{"name":"(anonymous_5)","decl":{"start":{"line":12,"column":70},"end":{"line":12,"column":null}},"loc":{"start":{"line":12,"column":70},"end":{"line":13,"column":59}}}},"branchMap":{},"s":{"0":1,"1":1,"2":1,"3":2,"4":2,"5":1,"6":1,"7":1,"8":1,"9":1,"10":1,"11":1,"12":1},"f":{"0":2,"1":2,"2":1,"3":1,"4":1,"5":1},"b":{}}
,"/home/runner/work/util/util/src/json-clone/clone.ts": {"path":"/home/runner/work/util/util/src/json-clone/clone.ts","statementMap":{"0":{"start":{"line":1,"column":18},"end":{"line":1,"column":23}},"1":{"start":{"line":2,"column":19},"end":{"line":2,"column":30}},"2":{"start":{"line":10,"column":21},"end":{"line":28,"column":1}},"3":{"start":{"line":11,"column":2},"end":{"line":11,"column":23}},"4":{"start":{"line":11,"column":12},"end":{"line":11,"column":23}},"5":{"start":{"line":12,"column":2},"end":{"line":26,"column":3}},"6":{"start":{"line":13,"column":27},"end":{"line":13,"column":29}},"7":{"start":{"line":14,"column":19},"end":{"line":14,"column":29}},"8":{"start":{"line":15,"column":4},"end":{"line":15,"column":61}},"9":{"start":{"line":15,"column":17},"end":{"line":15,"column":18}},"10":{"start":{"line":15,"column":37},"end":{"line":15,"column":61}},"11":{"start":{"line":16,"column":4},"end":{"line":16,"column":31}},"12":{"start":{"line":17,"column":9},"end":{"line":26,"column":3}},"13":{"start":{"line":18,"column":17},"end":{"line":18,"column":33}},"14":{"start":{"line":19,"column":19},"end":{"line":19,"column":30}},"15":{"start":{"line":20,"column":27},"end":{"line":20,"column":29}},"16":{"start":{"line":21,"column":4},"end":{"line":24,"column":5}},"17":{"start":{"line":21,"column":17},"end":{"line":21,"column":18}},"18":{"start":{"line":22,"column":18},"end":{"line":22,"column":25}},"19":{"start":{"line":23,"column":6},"end":{"line":23,"column":48}},"20":{"start":{"line":25,"column":4},"end":{"line":25,"column":21}},"21":{"start":{"line":27,"column":2},"end":{"line":27,"column":13}},"22":{"start":{"line":10,"column":13},"end":{"line":10,"column":21}}},"fnMap":{"0":{"name":"(anonymous_0)","decl":{"start":{"line":10,"column":21},"end":{"line":10,"column":35}},"loc":{"start":{"line":10,"column":48},"end":{"line":28,"column":1}}}},"branchMap":{"0":{"loc":{"start":{"line":11,"column":2},"end":{"line":11,"column":23}},"type":"if","locations":[{"start":{"line":11,"column":2},"end":{"line":11,"column":23}}]},"1":{"loc":{"start":{"line":12,"column":2},"end":{"line":26,"column":3}},"type":"if","locations":[{"start":{"line":12,"column":2},"end":{"line":26,"column":3}},{"start":{"line":17,"column":9},"end":{"line":26,"column":3}}]},"2":{"loc":{"start":{"line":17,"column":9},"end":{"line":26,"column":3}},"type":"if","locations":[{"start":{"line":17,"column":9},"end":{"line":26,"column":3}}]}},"s":{"0":1,"1":1,"2":1,"3":3849,"4":95,"5":3754,"6":918,"7":918,"8":918,"9":918,"10":797,"11":918,"12":2836,"13":1351,"14":1351,"15":1351,"16":1351,"17":1351,"18":2990,"19":2990,"20":1351,"21":1485,"22":1},"f":{"0":3849},"b":{"0":[95],"1":[918,2836],"2":[1351]}}
,"/home/runner/work/util/util/src/json-clone/cloneBinary.ts": {"path":"/home/runner/work/util/util/src/json-clone/cloneBinary.ts","statementMap":{"0":{"start":{"line":1,"column":0},"end":{"line":1,"column":53}},"1":{"start":{"line":3,"column":18},"end":{"line":3,"column":23}},"2":{"start":{"line":4,"column":19},"end":{"line":4,"column":30}},"3":{"start":{"line":12,"column":27},"end":{"line":31,"column":1}},"4":{"start":{"line":13,"column":2},"end":{"line":13,"column":23}},"5":{"start":{"line":13,"column":12},"end":{"line":13,"column":23}},"6":{"start":{"line":14,"column":2},"end":{"line":29,"column":3}},"7":{"start":{"line":15,"column":27},"end":{"line":15,"column":29}},"8":{"start":{"line":16,"column":19},"end":{"line":16,"column":29}},"9":{"start":{"line":17,"column":4},"end":{"line":17,"column":67}},"10":{"start":{"line":17,"column":17},"end":{"line":17,"column":18}},"11":{"start":{"line":17,"column":37},"end":{"line":17,"column":67}},"12":{"start":{"line":18,"column":4},"end":{"line":18,"column":31}},"13":{"start":{"line":19,"column":9},"end":{"line":29,"column":3}},"14":{"start":{"line":20,"column":4},"end":{"line":20,"column":70}},"15":{"start":{"line":20,"column":27},"end":{"line":20,"column":70}},"16":{"start":{"line":21,"column":17},"end":{"line":21,"column":33}},"17":{"start":{"line":22,"column":19},"end":{"line":22,"column":30}},"18":{"start":{"line":23,"column":27},"end":{"line":23,"column":29}},"19":{"start":{"line":24,"column":4},"end":{"line":27,"column":5}},"20":{"start":{"line":24,"column":17},"end":{"line":24,"column":18}},"21":{"start":{"line":25,"column":18},"end":{"line":25,"column":25}},"22":{"start":{"line":26,"column":6},"end":{"line":26,"column":54}},"23":{"start":{"line":28,"column":4},"end":{"line":28,"column":21}},"24":{"start":{"line":30,"column":2},"end":{"line":30,"column":13}},"25":{"start":{"line":12,"column":13},"end":{"line":12,"column":27}}},"fnMap":{"0":{"name":"(anonymous_0)","decl":{"start":{"line":12,"column":27},"end":{"line":12,"column":41}},"loc":{"start":{"line":12,"column":54},"end":{"line":31,"column":1}}}},"branchMap":{"0":{"loc":{"start":{"line":13,"column":2},"end":{"line":13,"column":23}},"type":"if","locations":[{"start":{"line":13,"column":2},"end":{"line":13,"column":23}}]},"1":{"loc":{"start":{"line":14,"column":2},"end":{"line":29,"column":3}},"type":"if","locations":[{"start":{"line":14,"column":2},"end":{"line":29,"column":3}},{"start":{"line":19,"column":9},"end":{"line":29,"column":3}}]},"2":{"loc":{"start":{"line":19,"column":9},"end":{"line":29,"column":3}},"type":"if","locations":[{"start":{"line":19,"column":9},"end":{"line":29,"column":3}}]},"3":{"loc":{"start":{"line":20,"column":4},"end":{"line":20,"column":70}},"type":"if","locations":[{"start":{"line":20,"column":4},"end":{"line":20,"column":70}}]}},"s":{"0":1,"1":1,"2":1,"3":1,"4":3878,"5":96,"6":3782,"7":921,"8":921,"9":921,"10":921,"11":803,"12":921,"13":2861,"14":1372,"15":15,"16":1357,"17":1357,"18":1357,"19":1357,"20":1357,"21":3004,"22":3004,"23":1357,"24":1489,"25":1},"f":{"0":3878},"b":{"0":[96],"1":[921,2861],"2":[1372],"3":[15]}}
,"/home/runner/work/util/util/src/json-equal/deepEqual/index.ts": {"path":"/home/runner/work/util/util/src/json-equal/deepEqual/index.ts","statementMap":{"0":{"start":{"line":1,"column":0},"end":{"line":1,"column":21}}},"fnMap":{},"branchMap":{},"s":{"0":2},"f":{},"b":{}}
,"/home/runner/work/util/util/src/json-equal/deepEqual/v6.ts": {"path":"/home/runner/work/util/util/src/json-equal/deepEqual/v6.ts","statementMap":{"0":{"start":{"line":1,"column":16},"end":{"line":1,"column":29}},"1":{"start":{"line":2,"column":18},"end":{"line":2,"column":34}},"2":{"start":{"line":4,"column":25},"end":{"line":44,"column":1}},"3":{"start":{"line":6,"column":2},"end":{"line":6,"column":27}},"4":{"start":{"line":6,"column":15},"end":{"line":6,"column":27}},"5":{"start":{"line":8,"column":23},"end":{"line":8,"column":24}},"6":{"start":{"line":9,"column":16},"end":{"line":9,"column":17}},"7":{"start":{"line":12,"column":2},"end":{"line":18,"column":3}},"8":{"start":{"line":13,"column":4},"end":{"line":13,"column":34}},"9":{"start":{"line":13,"column":21},"end":{"line":13,"column":34}},"10":{"start":{"line":14,"column":4},"end":{"line":14,"column":22}},"11":{"start":{"line":15,"column":4},"end":{"line":15,"column":62}},"12":{"start":{"line":15,"column":49},"end":{"line":15,"column":62}},"13":{"start":{"line":16,"column":4},"end":{"line":16,"column":95}},"14":{"start":{"line":16,"column":34},"end":{"line":16,"column":95}},"15":{"start":{"line":16,"column":82},"end":{"line":16,"column":95}},"16":{"start":{"line":17,"column":4},"end":{"line":17,"column":16}},"17":{"start":{"line":21,"column":2},"end":{"line":41,"column":3}},"18":{"start":{"line":22,"column":4},"end":{"line":31,"column":5}},"19":{"start":{"line":23,"column":6},"end":{"line":23,"column":59}},"20":{"start":{"line":23,"column":44},"end":{"line":23,"column":59}},"21":{"start":{"line":24,"column":6},"end":{"line":30,"column":7}},"22":{"start":{"line":25,"column":8},"end":{"line":25,"column":53}},"23":{"start":{"line":25,"column":40},"end":{"line":25,"column":53}},"24":{"start":{"line":26,"column":23},"end":{"line":26,"column":31}},"25":{"start":{"line":27,"column":8},"end":{"line":27,"column":46}},"26":{"start":{"line":27,"column":33},"end":{"line":27,"column":46}},"27":{"start":{"line":28,"column":8},"end":{"line":28,"column":73}},"28":{"start":{"line":28,"column":21},"end":{"line":28,"column":22}},"29":{"start":{"line":28,"column":41},"end":{"line":28,"column":73}},"30":{"start":{"line":28,"column":60},"end":{"line":28,"column":73}},"31":{"start":{"line":29,"column":8},"end":{"line":29,"column":20}},"32":{"start":{"line":32,"column":17},"end":{"line":32,"column":31}},"33":{"start":{"line":33,"column":4},"end":{"line":33,"column":25}},"34":{"start":{"line":34,"column":4},"end":{"line":34,"column":55}},"35":{"start":{"line":34,"column":42},"end":{"line":34,"column":55}},"36":{"start":{"line":35,"column":4},"end":{"line":35,"column":33}},"37":{"start":{"line":35,"column":20},"end":{"line":35,"column":33}},"38":{"start":{"line":36,"column":4},"end":{"line":39,"column":5}},"39":{"start":{"line":37,"column":18},"end":{"line":37,"column":25}},"40":{"start":{"line":38,"column":6},"end":{"line":38,"column":109}},"41":{"start":{"line":38,"column":96},"end":{"line":38,"column":109}},"42":{"start":{"line":40,"column":4},"end":{"line":40,"column":16}},"43":{"start":{"line":43,"column":2},"end":{"line":43,"column":15}},"44":{"start":{"line":4,"column":13},"end":{"line":4,"column":25}}},"fnMap":{"0":{"name":"(anonymous_0)","decl":{"start":{"line":4,"column":25},"end":{"line":4,"column":26}},"loc":{"start":{"line":4,"column":61},"end":{"line":44,"column":1}}}},"branchMap":{"0":{"loc":{"start":{"line":6,"column":2},"end":{"line":6,"column":27}},"type":"if","locations":[{"start":{"line":6,"column":2},"end":{"line":6,"column":27}}]},"1":{"loc":{"start":{"line":12,"column":2},"end":{"line":18,"column":3}},"type":"if","locations":[{"start":{"line":12,"column":2},"end":{"line":18,"column":3}}]},"2":{"loc":{"start":{"line":13,"column":4},"end":{"line":13,"column":34}},"type":"if","locations":[{"start":{"line":13,"column":4},"end":{"line":13,"column":34}}]},"3":{"loc":{"start":{"line":15,"column":4},"end":{"line":15,"column":62}},"type":"if","locations":[{"start":{"line":15,"column":4},"end":{"line":15,"column":62}}]},"4":{"loc":{"start":{"line":16,"column":34},"end":{"line":16,"column":95}},"type":"if","locations":[{"start":{"line":16,"column":34},"end":{"line":16,"column":95}}]},"5":{"loc":{"start":{"line":21,"column":2},"end":{"line":41,"column":3}},"type":"if","locations":[{"start":{"line":21,"column":2},"end":{"line":41,"column":3}}]},"6":{"loc":{"start":{"line":21,"column":6},"end":{"line":21,"column":62}},"type":"binary-expr","locations":[{"start":{"line":21,"column":6},"end":{"line":21,"column":7}},{"start":{"line":21,"column":11},"end":{"line":21,"column":12}},{"start":{"line":21,"column":16},"end":{"line":21,"column":37}},{"start":{"line":21,"column":41},"end":{"line":21,"column":62}}]},"7":{"loc":{"start":{"line":23,"column":6},"end":{"line":23,"column":59}},"type":"if","locations":[{"start":{"line":23,"column":6},"end":{"line":23,"column":59}}]},"8":{"loc":{"start":{"line":24,"column":6},"end":{"line":30,"column":7}},"type":"if","locations":[{"start":{"line":24,"column":6},"end":{"line":30,"column":7}}]},"9":{"loc":{"start":{"line":25,"column":8},"end":{"line":25,"column":53}},"type":"if","locations":[{"start":{"line":25,"column":8},"end":{"line":25,"column":53}}]},"10":{"loc":{"start":{"line":27,"column":8},"end":{"line":27,"column":46}},"type":"if","locations":[{"start":{"line":27,"column":8},"end":{"line":27,"column":46}}]},"11":{"loc":{"start":{"line":28,"column":41},"end":{"line":28,"column":73}},"type":"if","locations":[{"start":{"line":28,"column":41},"end":{"line":28,"column":73}}]},"12":{"loc":{"start":{"line":34,"column":4},"end":{"line":34,"column":55}},"type":"if","locations":[{"start":{"line":34,"column":4},"end":{"line":34,"column":55}}]},"13":{"loc":{"start":{"line":35,"column":4},"end":{"line":35,"column":33}},"type":"if","locations":[{"start":{"line":35,"column":4},"end":{"line":35,"column":33}}]},"14":{"loc":{"start":{"line":38,"column":6},"end":{"line":38,"column":109}},"type":"if","locations":[{"start":{"line":38,"column":6},"end":{"line":38,"column":109}}]}},"s":{"0":2,"1":2,"2":2,"3":6868,"4":5564,"5":1304,"6":1304,"7":1304,"8":496,"9":4,"10":492,"11":492,"12":2,"13":490,"14":1810,"15":8,"16":482,"17":808,"18":773,"19":773,"20":764,"21":9,"22":9,"23":1,"24":8,"25":8,"26":2,"27":6,"28":6,"29":8,"30":0,"31":6,"32":764,"33":764,"34":764,"35":3,"36":761,"37":1,"38":760,"39":4672,"40":4672,"41":14,"42":746,"43":35,"44":2},"f":{"0":6868},"b":{"0":[5564],"1":[496],"2":[4],"3":[2],"4":[8],"5":[773],"6":[808,797,790,773],"7":[764],"8":[9],"9":[1],"10":[2],"11":[0],"12":[3],"13":[1],"14":[14]}}
,"/home/runner/work/util/util/src/json-equal/deepEqual/__tests__/runDeepEqualTestSuite.ts": {"path":"/home/runner/work/util/util/src/json-equal/deepEqual/__tests__/runDeepEqualTestSuite.ts","statementMap":{"0":{"start":{"line":1,"column":0},"end":{"line":1,"column":30}},"1":{"start":{"line":3,"column":37},"end":{"line":20,"column":1}},"2":{"start":{"line":4,"column":2},"end":{"line":19,"column":3}},"3":{"start":{"line":5,"column":4},"end":{"line":18,"column":7}},"4":{"start":{"line":6,"column":6},"end":{"line":17,"column":7}},"5":{"start":{"line":7,"column":8},"end":{"line":16,"column":11}},"6":{"start":{"line":8,"column":23},"end":{"line":8,"column":52}},"7":{"start":{"line":9,"column":23},"end":{"line":9,"column":52}},"8":{"start":{"line":10,"column":10},"end":{"line":15,"column":11}},"9":{"start":{"line":11,"column":12},"end":{"line":11,"column":39}},"10":{"start":{"line":12,"column":12},"end":{"line":12,"column":39}},"11":{"start":{"line":14,"column":12},"end":{"line":14,"column":24}},"12":{"start":{"line":3,"column":13},"end":{"line":3,"column":37}}},"fnMap":{"0":{"name":"(anonymous_0)","decl":{"start":{"line":3,"column":37},"end":{"line":3,"column":38}},"loc":{"start":{"line":3,"column":88},"end":{"line":20,"column":1}}},"1":{"name":"(anonymous_1)","decl":{"start":{"line":5,"column":28},"end":{"line":5,"column":31}},"loc":{"start":{"line":5,"column":33},"end":{"line":18,"column":5}}},"2":{"name":"(anonymous_2)","decl":{"start":{"line":7,"column":28},"end":{"line":7,"column":31}},"loc":{"start":{"line":7,"column":33},"end":{"line":16,"column":9}}}},"branchMap":{},"s":{"0":2,"1":2,"2":2,"3":10,"4":10,"5":86,"6":86,"7":86,"8":86,"9":86,"10":86,"11":0,"12":2},"f":{"0":2,"1":10,"2":86},"b":{}}
,"/home/runner/work/util/util/src/json-equal/deepEqual/__tests__/tests.ts": {"path":"/home/runner/work/util/util/src/json-equal/deepEqual/__tests__/tests.ts","statementMap":{"0":{"start":{"line":1,"column":0},"end":{"line":1,"column":37}},"1":{"start":{"line":15,"column":13},"end":{"line":327,"column":2}}},"fnMap":{},"branchMap":{},"s":{"0":2,"1":2},"f":{},"b":{}}
,"/home/runner/work/util/util/src/json-equal/deepEqualCodegen/index.ts": {"path":"/home/runner/work/util/util/src/json-equal/deepEqualCodegen/index.ts","statementMap":{"0":{"start":{"line":1,"column":0},"end":{"line":1,"column":21}}},"fnMap":{},"branchMap":{},"s":{"0":3},"f":{},"b":{}}
,"/home/runner/work/util/util/src/json-equal/deepEqualCodegen/v1.ts": {"path":"/home/runner/work/util/util/src/json-equal/deepEqualCodegen/v1.ts","statementMap":{"0":{"start":{"line":3,"column":21},"end":{"line":63,"column":1}},"1":{"start":{"line":4,"column":11},"end":{"line":4,"column":12}},"2":{"start":{"line":5,"column":15},"end":{"line":5,"column":25}},"3":{"start":{"line":6,"column":22},"end":{"line":6,"column":98}},"4":{"start":{"line":9,"column":2},"end":{"line":18,"column":3}},"5":{"start":{"line":10,"column":4},"end":{"line":16,"column":5}},"6":{"start":{"line":11,"column":6},"end":{"line":11,"column":55}},"7":{"start":{"line":12,"column":11},"end":{"line":16,"column":5}},"8":{"start":{"line":13,"column":6},"end":{"line":13,"column":56}},"9":{"start":{"line":15,"column":6},"end":{"line":15,"column":69}},"10":{"start":{"line":17,"column":4},"end":{"line":17,"column":14}},"11":{"start":{"line":21,"column":2},"end":{"line":29,"column":3}},"12":{"start":{"line":22,"column":4},"end":{"line":22,"column":90}},"13":{"start":{"line":23,"column":4},"end":{"line":27,"column":5}},"14":{"start":{"line":23,"column":17},"end":{"line":23,"column":18}},"15":{"start":{"line":24,"column":6},"end":{"line":24,"column":11}},"16":{"start":{"line":25,"column":6},"end":{"line":25,"column":43}},"17":{"start":{"line":26,"column":6},"end":{"line":26,"column":42}},"18":{"start":{"line":28,"column":4},"end":{"line":28,"column":14}},"19":{"start":{"line":32,"column":2},"end":{"line":39,"column":3}},"20":{"start":{"line":33,"column":19},"end":{"line":33,"column":29}},"21":{"start":{"line":34,"column":4},"end":{"line":34,"column":95}},"22":{"start":{"line":35,"column":20},"end":{"line":35,"column":22}},"23":{"start":{"line":36,"column":4},"end":{"line":36,"column":104}},"24":{"start":{"line":36,"column":17},"end":{"line":36,"column":18}},"25":{"start":{"line":36,"column":37},"end":{"line":36,"column":104}},"26":{"start":{"line":37,"column":4},"end":{"line":37,"column":62}},"27":{"start":{"line":37,"column":19},"end":{"line":37,"column":62}},"28":{"start":{"line":38,"column":4},"end":{"line":38,"column":14}},"29":{"start":{"line":42,"column":2},"end":{"line":54,"column":3}},"30":{"start":{"line":43,"column":16},"end":{"line":43,"column":46}},"31":{"start":{"line":44,"column":17},"end":{"line":44,"column":33}},"32":{"start":{"line":45,"column":4},"end":{"line":47,"column":6}},"33":{"start":{"line":48,"column":4},"end":{"line":52,"column":5}},"34":{"start":{"line":49,"column":6},"end":{"line":49,"column":11}},"35":{"start":{"line":50,"column":6},"end":{"line":50,"column":61}},"36":{"start":{"line":51,"column":6},"end":{"line":51,"column":44}},"37":{"start":{"line":53,"column":4},"end":{"line":53,"column":14}},"38":{"start":{"line":57,"column":2},"end":{"line":60,"column":3}},"39":{"start":{"line":58,"column":4},"end":{"line":58,"column":54}},"40":{"start":{"line":59,"column":4},"end":{"line":59,"column":14}},"41":{"start":{"line":62,"column":2},"end":{"line":62,"column":12}},"42":{"start":{"line":65,"column":32},"end":{"line":73,"column":1}},"43":{"start":{"line":66,"column":25},"end":{"line":66,"column":27}},"44":{"start":{"line":67,"column":2},"end":{"line":67,"column":27}},"45":{"start":{"line":69,"column":13},"end":{"line":69,"column":62}},"46":{"start":{"line":72,"column":2},"end":{"line":72,"column":60}},"47":{"start":{"line":65,"column":13},"end":{"line":65,"column":32}}},"fnMap":{"0":{"name":"(anonymous_0)","decl":{"start":{"line":3,"column":21},"end":{"line":3,"column":22}},"loc":{"start":{"line":3,"column":73},"end":{"line":63,"column":1}}},"1":{"name":"(anonymous_1)","decl":{"start":{"line":65,"column":32},"end":{"line":65,"column":33}},"loc":{"start":{"line":65,"column":84},"end":{"line":73,"column":1}}}},"branchMap":{"0":{"loc":{"start":{"line":6,"column":22},"end":{"line":6,"column":98}},"type":"binary-expr","locations":[{"start":{"line":6,"column":22},"end":{"line":6,"column":34}},{"start":{"line":6,"column":38},"end":{"line":6,"column":56}},{"start":{"line":6,"column":60},"end":{"line":6,"column":77}},{"start":{"line":6,"column":81},"end":{"line":6,"column":98}}]},"1":{"loc":{"start":{"line":9,"column":2},"end":{"line":18,"column":3}},"type":"if","locations":[{"start":{"line":9,"column":2},"end":{"line":18,"column":3}}]},"2":{"loc":{"start":{"line":10,"column":4},"end":{"line":16,"column":5}},"type":"if","locations":[{"start":{"line":10,"column":4},"end":{"line":16,"column":5}},{"start":{"line":12,"column":11},"end":{"line":16,"column":5}}]},"3":{"loc":{"start":{"line":12,"column":11},"end":{"line":16,"column":5}},"type":"if","locations":[{"start":{"line":12,"column":11},"end":{"line":16,"column":5}},{"start":{"line":14,"column":11},"end":{"line":16,"column":5}}]},"4":{"loc":{"start":{"line":21,"column":2},"end":{"line":29,"column":3}},"type":"if","locations":[{"start":{"line":21,"column":2},"end":{"line":29,"column":3}}]},"5":{"loc":{"start":{"line":32,"column":2},"end":{"line":39,"column":3}},"type":"if","locations":[{"start":{"line":32,"column":2},"end":{"line":39,"column":3}}]},"6":{"loc":{"start":{"line":36,"column":51},"end":{"line":36,"column":72}},"type":"cond-expr","locations":[{"start":{"line":36,"column":63},"end":{"line":36,"column":67}},{"start":{"line":36,"column":70},"end":{"line":36,"column":72}}]},"7":{"loc":{"start":{"line":37,"column":4},"end":{"line":37,"column":62}},"type":"if","locations":[{"start":{"line":37,"column":4},"end":{"line":37,"column":62}}]},"8":{"loc":{"start":{"line":42,"column":2},"end":{"line":54,"column":3}},"type":"if","locations":[{"start":{"line":42,"column":2},"end":{"line":54,"column":3}}]},"9":{"loc":{"start":{"line":42,"column":6},"end":{"line":42,"column":30}},"type":"binary-expr","locations":[{"start":{"line":42,"column":6},"end":{"line":42,"column":23}},{"start":{"line":42,"column":27},"end":{"line":42,"column":30}}]},"10":{"loc":{"start":{"line":57,"column":2},"end":{"line":60,"column":3}},"type":"if","locations":[{"start":{"line":57,"column":2},"end":{"line":60,"column":3}}]}},"s":{"0":3,"1":10120,"2":10120,"3":10120,"4":10120,"5":8226,"6":3,"7":8223,"8":1,"9":8222,"10":8226,"11":1894,"12":765,"13":765,"14":765,"15":2721,"16":2721,"17":2721,"18":765,"19":1129,"20":9,"21":9,"22":9,"23":9,"24":9,"25":9,"26":9,"27":5,"28":9,"29":1120,"30":1117,"31":1117,"32":1117,"33":1117,"34":7005,"35":7005,"36":7005,"37":1117,"38":3,"39":3,"40":3,"41":0,"42":3,"43":394,"44":394,"45":394,"46":394,"47":3},"f":{"0":10120,"1":394},"b":{"0":[10120,9758,8944,5896],"1":[8226],"2":[3,8223],"3":[1,8222],"4":[765],"5":[9],"6":[4,5],"7":[5],"8":[1117],"9":[1120,1117],"10":[3]}}
,"/home/runner/work/util/util/src/json-random/RandomJson.ts": {"path":"/home/runner/work/util/util/src/json-random/RandomJson.ts","statementMap":{"0":{"start":{"line":1,"column":0},"end":{"line":1,"column":45}},"1":{"start":{"line":25,"column":39},"end":{"line":37,"column":2}},"2":{"start":{"line":41,"column":14},"end":{"line":43,"column":1}},"3":{"start":{"line":42,"column":2},"end":{"line":42,"column":74}},"4":{"start":{"line":45,"column":17},"end":{"line":142,"column":2}},"5":{"start":{"line":143,"column":14},"end":{"line":145,"column":1}},"6":{"start":{"line":144,"column":2},"end":{"line":144,"column":63}},"7":{"start":{"line":156,"column":16},"end":{"line":156,"column":36}},"8":{"start":{"line":157,"column":4},"end":{"line":157,"column":24}},"9":{"start":{"line":161,"column":4},"end":{"line":161,"column":31}},"10":{"start":{"line":166,"column":6},"end":{"line":172,"column":75}},"11":{"start":{"line":173,"column":4},"end":{"line":173,"column":29}},"12":{"start":{"line":173,"column":20},"end":{"line":173,"column":29}},"13":{"start":{"line":174,"column":4},"end":{"line":174,"column":15}},"14":{"start":{"line":178,"column":22},"end":{"line":178,"column":24}},"15":{"start":{"line":179,"column":4},"end":{"line":180,"column":57}},"16":{"start":{"line":179,"column":29},"end":{"line":179,"column":77}},"17":{"start":{"line":179,"column":42},"end":{"line":179,"column":43}},"18":{"start":{"line":179,"column":62},"end":{"line":179,"column":77}},"19":{"start":{"line":180,"column":9},"end":{"line":180,"column":57}},"20":{"start":{"line":180,"column":22},"end":{"line":180,"column":23}},"21":{"start":{"line":180,"column":42},"end":{"line":180,"column":57}},"22":{"start":{"line":181,"column":4},"end":{"line":181,"column":61}},"23":{"start":{"line":181,"column":31},"end":{"line":181,"column":61}},"24":{"start":{"line":182,"column":4},"end":{"line":182,"column":15}},"25":{"start":{"line":186,"column":16},"end":{"line":186,"column":38}},"26":{"start":{"line":187,"column":4},"end":{"line":187,"column":78}},"27":{"start":{"line":187,"column":17},"end":{"line":187,"column":18}},"28":{"start":{"line":187,"column":37},"end":{"line":187,"column":78}},"29":{"start":{"line":188,"column":4},"end":{"line":188,"column":15}},"30":{"start":{"line":192,"column":4},"end":{"line":196,"column":20}},"31":{"start":{"line":200,"column":4},"end":{"line":204,"column":17}},"32":{"start":{"line":216,"column":10},"end":{"line":216,"column":43}},"33":{"start":{"line":222,"column":4},"end":{"line":222,"column":42}},"34":{"start":{"line":223,"column":4},"end":{"line":223,"column":31}},"35":{"start":{"line":224,"column":4},"end":{"line":224,"column":46}},"36":{"start":{"line":225,"column":4},"end":{"line":225,"column":74}},"37":{"start":{"line":226,"column":4},"end":{"line":226,"column":75}},"38":{"start":{"line":227,"column":4},"end":{"line":227,"column":74}},"39":{"start":{"line":228,"column":4},"end":{"line":228,"column":74}},"40":{"start":{"line":229,"column":4},"end":{"line":229,"column":72}},"41":{"start":{"line":230,"column":4},"end":{"line":230,"column":73}},"42":{"start":{"line":231,"column":4},"end":{"line":238,"column":28}},"43":{"start":{"line":239,"column":4},"end":{"line":252,"column":5}},"44":{"start":{"line":240,"column":6},"end":{"line":240,"column":40}},"45":{"start":{"line":241,"column":6},"end":{"line":241,"column":30}},"46":{"start":{"line":243,"column":6},"end":{"line":250,"column":19}},"47":{"start":{"line":251,"column":6},"end":{"line":251,"column":55}},"48":{"start":{"line":259,"column":4},"end":{"line":259,"column":65}},"49":{"start":{"line":259,"column":17},"end":{"line":259,"column":18}},"50":{"start":{"line":259,"column":50},"end":{"line":259,"column":65}},"51":{"start":{"line":260,"column":4},"end":{"line":260,"column":21}},"52":{"start":{"line":267,"column":22},"end":{"line":267,"column":42}},"53":{"start":{"line":268,"column":24},"end":{"line":268,"column":43}},"54":{"start":{"line":269,"column":17},"end":{"line":269,"column":43}},"55":{"start":{"line":270,"column":4},"end":{"line":270,"column":76}},"56":{"start":{"line":270,"column":42},"end":{"line":270,"column":76}},"57":{"start":{"line":271,"column":4},"end":{"line":277,"column":5}},"58":{"start":{"line":272,"column":20},"end":{"line":272,"column":70}},"59":{"start":{"line":273,"column":6},"end":{"line":273,"column":39}},"60":{"start":{"line":275,"column":18},"end":{"line":275,"column":40}},"61":{"start":{"line":276,"column":7},"end":{"line":276,"column":37}},"62":{"start":{"line":284,"column":4},"end":{"line":299,"column":5}},"63":{"start":{"line":286,"column":8},"end":{"line":286,"column":20}},"64":{"start":{"line":288,"column":8},"end":{"line":288,"column":39}},"65":{"start":{"line":290,"column":8},"end":{"line":290,"column":38}},"66":{"start":{"line":292,"column":8},"end":{"line":292,"column":37}},"67":{"start":{"line":294,"column":8},"end":{"line":294,"column":38}},"68":{"start":{"line":296,"column":8},"end":{"line":296,"column":18}},"69":{"start":{"line":298,"column":8},"end":{"line":298,"column":18}},"70":{"start":{"line":303,"column":20},"end":{"line":303,"column":37}},"71":{"start":{"line":304,"column":4},"end":{"line":304,"column":68}},"72":{"start":{"line":309,"column":16},"end":{"line":309,"column":46}},"73":{"start":{"line":310,"column":4},"end":{"line":310,"column":50}},"74":{"start":{"line":310,"column":36},"end":{"line":310,"column":50}},"75":{"start":{"line":311,"column":4},"end":{"line":311,"column":56}},"76":{"start":{"line":311,"column":39},"end":{"line":311,"column":56}},"77":{"start":{"line":312,"column":4},"end":{"line":312,"column":54}},"78":{"start":{"line":312,"column":38},"end":{"line":312,"column":54}},"79":{"start":{"line":313,"column":4},"end":{"line":313,"column":54}},"80":{"start":{"line":313,"column":38},"end":{"line":313,"column":54}},"81":{"start":{"line":314,"column":4},"end":{"line":314,"column":54}},"82":{"start":{"line":314,"column":38},"end":{"line":314,"column":54}},"83":{"start":{"line":315,"column":4},"end":{"line":315,"column":52}},"84":{"start":{"line":315,"column":37},"end":{"line":315,"column":52}},"85":{"start":{"line":316,"column":4},"end":{"line":316,"column":20}},"86":{"start":{"line":323,"column":16},"end":{"line":323,"column":60}},"87":{"start":{"line":324,"column":4},"end":{"line":324,"column":67}},"88":{"start":{"line":324,"column":52},"end":{"line":324,"column":67}},"89":{"start":{"line":325,"column":4},"end":{"line":325,"column":20}},"90":{"start":{"line":332,"column":4},"end":{"line":332,"column":79}},"91":{"start":{"line":154,"column":0},"end":{"line":154,"column":13}}},"fnMap":{"0":{"name":"(anonymous_0)","decl":{"start":{"line":41,"column":14},"end":{"line":41,"column":25}},"loc":{"start":{"line":41,"column":27},"end":{"line":43,"column":1}}},"1":{"name":"(anonymous_1)","decl":{"start":{"line":143,"column":14},"end":{"line":143,"column":25}},"loc":{"start":{"line":143,"column":27},"end":{"line":145,"column":1}}},"2":{"name":"(anonymous_2)","decl":{"start":{"line":155,"column":9},"end":{"line":155,"column":15}},"loc":{"start":{"line":155,"column":58},"end":{"line":158,"column":3}}},"3":{"name":"(anonymous_3)","decl":{"start":{"line":160,"column":9},"end":{"line":160,"column":15}},"loc":{"start":{"line":160,"column":26},"end":{"line":162,"column":3}}},"4":{"name":"(anonymous_4)","decl":{"start":{"line":164,"column":9},"end":{"line":164,"column":15}},"loc":{"start":{"line":164,"column":25},"end":{"line":175,"column":3}}},"5":{"name":"(anonymous_5)","decl":{"start":{"line":177,"column":9},"end":{"line":177,"column":15}},"loc":{"start":{"line":177,"column":64},"end":{"line":183,"column":3}}},"6":{"name":"(anonymous_6)","decl":{"start":{"line":185,"column":9},"end":{"line":185,"column":15}},"loc":{"start":{"line":185,"column":64},"end":{"line":189,"column":3}}},"7":{"name":"(anonymous_7)","decl":{"start":{"line":191,"column":9},"end":{"line":191,"column":15}},"loc":{"start":{"line":191,"column":105},"end":{"line":197,"column":3}}},"8":{"name":"(anonymous_8)","decl":{"start":{"line":199,"column":9},"end":{"line":199,"column":15}},"loc":{"start":{"line":199,"column":106},"end":{"line":205,"column":3}}},"9":{"name":"(anonymous_9)","decl":{"start":{"line":221,"column":2},"end":{"line":221,"column":21}},"loc":{"start":{"line":221,"column":58},"end":{"line":253,"column":3}}},"10":{"name":"(anonymous_10)","decl":{"start":{"line":258,"column":9},"end":{"line":258,"column":15}},"loc":{"start":{"line":258,"column":15},"end":{"line":261,"column":3}}},"11":{"name":"(anonymous_11)","decl":{"start":{"line":266,"column":9},"end":{"line":266,"column":16}},"loc":{"start":{"line":266,"column":16},"end":{"line":278,"column":3}}},"12":{"name":"(anonymous_12)","decl":{"start":{"line":283,"column":12},"end":{"line":283,"column":20}},"loc":{"start":{"line":283,"column":35},"end":{"line":300,"column":3}}},"13":{"name":"(anonymous_13)","decl":{"start":{"line":302,"column":12},"end":{"line":302,"column":26}},"loc":{"start":{"line":302,"column":26},"end":{"line":305,"column":3}}},"14":{"name":"(anonymous_14)","decl":{"start":{"line":308,"column":9},"end":{"line":308,"column":21}},"loc":{"start":{"line":308,"column":21},"end":{"line":317,"column":3}}},"15":{"name":"(anonymous_15)","decl":{"start":{"line":322,"column":12},"end":{"line":322,"column":29}},"loc":{"start":{"line":322,"column":29},"end":{"line":326,"column":3}}},"16":{"name":"(anonymous_16)","decl":{"start":{"line":331,"column":12},"end":{"line":331,"column":25}},"loc":{"start":{"line":331,"column":25},"end":{"line":333,"column":3}}}},"branchMap":{"0":{"loc":{"start":{"line":166,"column":6},"end":{"line":172,"column":75}},"type":"cond-expr","locations":[{"start":{"line":167,"column":10},"end":{"line":167,"column":29}},{"start":{"line":168,"column":10},"end":{"line":172,"column":75}}]},"1":{"loc":{"start":{"line":168,"column":10},"end":{"line":172,"column":75}},"type":"cond-expr","locations":[{"start":{"line":169,"column":12},"end":{"line":169,"column":54}},{"start":{"line":170,"column":12},"end":{"line":172,"column":75}}]},"2":{"loc":{"start":{"line":170,"column":12},"end":{"line":172,"column":75}},"type":"cond-expr","locations":[{"start":{"line":171,"column":14},"end":{"line":171,"column":58}},{"start":{"line":172,"column":14},"end":{"line":172,"column":75}}]},"3":{"loc":{"start":{"line":173,"column":4},"end":{"line":173,"column":29}},"type":"if","locations":[{"start":{"line":173,"column":4},"end":{"line":173,"column":29}}]},"4":{"loc":{"start":{"line":177,"column":26},"end":{"line":177,"column":64}},"type":"default-arg","locations":[{"start":{"line":177,"column":35},"end":{"line":177,"column":64}}]},"5":{"loc":{"start":{"line":179,"column":4},"end":{"line":180,"column":57}},"type":"if","locations":[{"start":{"line":179,"column":4},"end":{"line":180,"column":57}},{"start":{"line":180,"column":9},"end":{"line":180,"column":57}}]},"6":{"loc":{"start":{"line":181,"column":4},"end":{"line":181,"column":61}},"type":"if","locations":[{"start":{"line":181,"column":4},"end":{"line":181,"column":61}}]},"7":{"loc":{"start":{"line":185,"column":26},"end":{"line":185,"column":64}},"type":"default-arg","locations":[{"start":{"line":185,"column":35},"end":{"line":185,"column":64}}]},"8":{"loc":{"start":{"line":191,"column":25},"end":{"line":191,"column":105}},"type":"default-arg","locations":[{"start":{"line":191,"column":81},"end":{"line":191,"column":105}}]},"9":{"loc":{"start":{"line":199,"column":26},"end":{"line":199,"column":106}},"type":"default-arg","locations":[{"start":{"line":199,"column":82},"end":{"line":199,"column":106}}]},"10":{"loc":{"start":{"line":221,"column":21},"end":{"line":221,"column":58}},"type":"default-arg","locations":[{"start":{"line":221,"column":56},"end":{"line":221,"column":58}}]},"11":{"loc":{"start":{"line":239,"column":4},"end":{"line":252,"column":5}},"type":"if","locations":[{"start":{"line":239,"column":4},"end":{"line":252,"column":5}},{"start":{"line":242,"column":11},"end":{"line":252,"column":5}}]},"12":{"loc":{"start":{"line":244,"column":8},"end":{"line":250,"column":18}},"type":"cond-expr","locations":[{"start":{"line":245,"column":12},"end":{"line":245,"column":14}},{"start":{"line":246,"column":12},"end":{"line":250,"column":18}}]},"13":{"loc":{"start":{"line":246,"column":12},"end":{"line":250,"column":18}},"type":"cond-expr","locations":[{"start":{"line":247,"column":14},"end":{"line":247,"column":16}},{"start":{"line":248,"column":14},"end":{"line":250,"column":18}}]},"14":{"loc":{"start":{"line":248,"column":14},"end":{"line":250,"column":18}},"type":"cond-expr","locations":[{"start":{"line":249,"column":16},"end":{"line":249,"column":18}},{"start":{"line":250,"column":16},"end":{"line":250,"column":18}}]},"15":{"loc":{"start":{"line":270,"column":4},"end":{"line":270,"column":76}},"type":"if","locations":[{"start":{"line":270,"column":4},"end":{"line":270,"column":76}}]},"16":{"loc":{"start":{"line":270,"column":8},"end":{"line":270,"column":40}},"type":"binary-expr","locations":[{"start":{"line":270,"column":8},"end":{"line":270,"column":12}},{"start":{"line":270,"column":16},"end":{"line":270,"column":40}}]},"17":{"loc":{"start":{"line":271,"column":4},"end":{"line":277,"column":5}},"type":"if","locations":[{"start":{"line":271,"column":4},"end":{"line":277,"column":5}},{"start":{"line":274,"column":11},"end":{"line":277,"column":5}}]},"18":{"loc":{"start":{"line":284,"column":4},"end":{"line":299,"column":5}},"type":"switch","locations":[{"start":{"line":285,"column":6},"end":{"line":286,"column":20}},{"start":{"line":287,"column":6},"end":{"line":288,"column":39}},{"start":{"line":289,"column":6},"end":{"line":290,"column":38}},{"start":{"line":291,"column":6},"end":{"line":292,"column":37}},{"start":{"line":293,"column":6},"end":{"line":294,"column":38}},{"start":{"line":295,"column":6},"end":{"line":296,"column":18}},{"start":{"line":297,"column":6},"end":{"line":298,"column":18}}]},"19":{"loc":{"start":{"line":304,"column":11},"end":{"line":304,"column":67}},"type":"cond-expr","locations":[{"start":{"line":304,"column":21},"end":{"line":304,"column":42}},{"start":{"line":304,"column":45},"end":{"line":304,"column":67}}]},"20":{"loc":{"start":{"line":310,"column":4},"end":{"line":310,"column":50}},"type":"if","locations":[{"start":{"line":310,"column":4},"end":{"line":310,"column":50}}]},"21":{"loc":{"start":{"line":311,"column":4},"end":{"line":311,"column":56}},"type":"if","locations":[{"start":{"line":311,"column":4},"end":{"line":311,"column":56}}]},"22":{"loc":{"start":{"line":312,"column":4},"end":{"line":312,"column":54}},"type":"if","locations":[{"start":{"line":312,"column":4},"end":{"line":312,"column":54}}]},"23":{"loc":{"start":{"line":313,"column":4},"end":{"line":313,"column":54}},"type":"if","locations":[{"start":{"line":313,"column":4},"end":{"line":313,"column":54}}]},"24":{"loc":{"start":{"line":314,"column":4},"end":{"line":314,"column":54}},"type":"if","locations":[{"start":{"line":314,"column":4},"end":{"line":314,"column":54}}]},"25":{"loc":{"start":{"line":315,"column":4},"end":{"line":315,"column":52}},"type":"if","locations":[{"start":{"line":315,"column":4},"end":{"line":315,"column":52}}]},"26":{"loc":{"start":{"line":324,"column":4},"end":{"line":324,"column":67}},"type":"if","locations":[{"start":{"line":324,"column":4},"end":{"line":324,"column":67}}]}},"s":{"0":4,"1":4,"2":4,"3":80426,"4":4,"5":4,"6":9071,"7":204,"8":204,"9":782,"10":3940,"11":3940,"12":1,"13":3939,"14":10273,"15":10273,"16":1055,"17":1055,"18":9071,"19":9218,"20":9218,"21":80180,"22":10273,"23":246,"24":10027,"25":0,"26":0,"27":0,"28":0,"29":0,"30":1,"31":1,"32":207,"33":207,"34":207,"35":207,"36":207,"37":207,"38":207,"39":207,"40":207,"41":207,"42":207,"43":207,"44":1,"45":1,"46":206,"47":206,"48":306,"49":306,"50":9708,"51":306,"52":9708,"53":9708,"54":9708,"55":9708,"56":1519,"57":9708,"58":3550,"59":3550,"60":6158,"61":6158,"62":9708,"63":355,"64":781,"65":3939,"66":3114,"67":0,"68":762,"69":757,"70":3115,"71":3115,"72":9708,"73":9708,"74":355,"75":9353,"76":781,"77":8572,"78":3939,"79":4633,"80":3114,"81":1519,"82":0,"83":1519,"84":762,"85":757,"86":0,"87":0,"88":0,"89":0,"90":9708,"91":4},"f":{"0":80426,"1":9071,"2":204,"3":782,"4":3940,"5":10273,"6":0,"7":1,"8":1,"9":207,"10":306,"11":9708,"12":9708,"13":3115,"14":9708,"15":0,"16":9708},"b":{"0":[3150,790],"1":[150,640],"2":[102,538],"3":[1],"4":[9273],"5":[1055,9218],"6":[246],"7":[0],"8":[1],"9":[1],"10":[202],"11":[1,206],"12":[204,2],"13":[2,0],"14":[0,0],"15":[1519],"16":[9708,8950],"17":[3550,6158],"18":[355,781,3939,3114,0,762,757],"19":[1,3114],"20":[355],"21":[781],"22":[3939],"23":[3114],"24":[0],"25":[762],"26":[0]}}
,"/home/runner/work/util/util/src/json-random/string.ts": {"path":"/home/runner/work/util/util/src/json-random/string.ts","statementMap":{"0":{"start":{"line":38,"column":2},"end":{"line":38,"column":46}},"1":{"start":{"line":38,"column":33},"end":{"line":38,"column":46}},"2":{"start":{"line":39,"column":14},"end":{"line":39,"column":27}},"3":{"start":{"line":40,"column":2},"end":{"line":64,"column":3}},"4":{"start":{"line":42,"column":18},"end":{"line":42,"column":26}},"5":{"start":{"line":43,"column":6},"end":{"line":43,"column":47}},"6":{"start":{"line":46,"column":18},"end":{"line":46,"column":26}},"7":{"start":{"line":47,"column":18},"end":{"line":47,"column":26}},"8":{"start":{"line":48,"column":22},"end":{"line":48,"column":30}},"9":{"start":{"line":49,"column":20},"end":{"line":49,"column":59}},"10":{"start":{"line":50,"column":16},"end":{"line":50,"column":18}},"11":{"start":{"line":51,"column":6},"end":{"line":51,"column":67}},"12":{"start":{"line":51,"column":19},"end":{"line":51,"column":20}},"13":{"start":{"line":51,"column":38},"end":{"line":51,"column":67}},"14":{"start":{"line":52,"column":6},"end":{"line":52,"column":17}},"15":{"start":{"line":55,"column":18},"end":{"line":55,"column":26}},"16":{"start":{"line":56,"column":18},"end":{"line":56,"column":26}},"17":{"start":{"line":57,"column":24},"end":{"line":57,"column":63}},"18":{"start":{"line":58,"column":6},"end":{"line":58,"column":45}},"19":{"start":{"line":61,"column":6},"end":{"line":61,"column":49}},"20":{"start":{"line":63,"column":6},"end":{"line":63,"column":44}},"21":{"start":{"line":37,"column":0},"end":{"line":37,"column":16}}},"fnMap":{"0":{"name":"randomString","decl":{"start":{"line":37,"column":16},"end":{"line":37,"column":28}},"loc":{"start":{"line":37,"column":41},"end":{"line":65,"column":1}}}},"branchMap":{"0":{"loc":{"start":{"line":38,"column":2},"end":{"line":38,"column":46}},"type":"if","locations":[{"start":{"line":38,"column":2},"end":{"line":38,"column":46}}]},"1":{"loc":{"start":{"line":40,"column":2},"end":{"line":64,"column":3}},"type":"switch","locations":[{"start":{"line":41,"column":4},"end":{"line":44,"column":5}},{"start":{"line":45,"column":4},"end":{"line":53,"column":5}},{"start":{"line":54,"column":4},"end":{"line":59,"column":5}},{"start":{"line":60,"column":4},"end":{"line":61,"column":49}},{"start":{"line":62,"column":4},"end":{"line":63,"column":44}}]}},"s":{"0":19,"1":2,"2":17,"3":17,"4":12,"5":12,"6":2,"7":2,"8":2,"9":2,"10":2,"11":2,"12":2,"13":7,"14":2,"15":1,"16":1,"17":1,"18":1,"19":2,"20":0,"21":5},"f":{"0":19},"b":{"0":[2],"1":[12,2,1,2,0]}}
,"/home/runner/work/util/util/src/json-size/index.ts": {"path":"/home/runner/work/util/util/src/json-size/index.ts","statementMap":{"0":{"start":{"line":1,"column":0},"end":{"line":1,"column":23}},"1":{"start":{"line":2,"column":0},"end":{"line":2,"column":31}},"2":{"start":{"line":3,"column":0},"end":{"line":3,"column":38}}},"fnMap":{},"branchMap":{},"s":{"0":1,"1":1,"2":1},"f":{},"b":{}}
,"/home/runner/work/util/util/src/json-size/json.ts": {"path":"/home/runner/work/util/util/src/json-size/json.ts","statementMap":{"0":{"start":{"line":1,"column":0},"end":{"line":1,"column":41}},"1":{"start":{"line":3,"column":19},"end":{"line":7,"column":1}},"2":{"start":{"line":4,"column":20},"end":{"line":4,"column":43}},"3":{"start":{"line":5,"column":2},"end":{"line":5,"column":99}},"4":{"start":{"line":5,"column":17},"end":{"line":5,"column":99}},"5":{"start":{"line":6,"column":2},"end":{"line":6,"column":36}},"6":{"start":{"line":9,"column":19},"end":{"line":31,"column":1}},"7":{"start":{"line":10,"column":20},"end":{"line":10,"column":30}},"8":{"start":{"line":11,"column":19},"end":{"line":11,"column":28}},"9":{"start":{"line":12,"column":12},"end":{"line":12,"column":13}},"10":{"start":{"line":13,"column":2},"end":{"line":29,"column":3}},"11":{"start":{"line":14,"column":18},"end":{"line":14,"column":39}},"12":{"start":{"line":15,"column":4},"end":{"line":28,"column":48}},"13":{"start":{"line":16,"column":6},"end":{"line":26,"column":7}},"14":{"start":{"line":24,"column":10},"end":{"line":24,"column":26}},"15":{"start":{"line":25,"column":10},"end":{"line":25,"column":16}},"16":{"start":{"line":27,"column":6},"end":{"line":27,"column":15}},"17":{"start":{"line":28,"column":11},"end":{"line":28,"column":48}},"18":{"start":{"line":30,"column":2},"end":{"line":30,"column":24}},"19":{"start":{"line":33,"column":20},"end":{"line":33,"column":53}},"20":{"start":{"line":33,"column":40},"end":{"line":33,"column":52}},"21":{"start":{"line":35,"column":18},"end":{"line":40,"column":1}},"22":{"start":{"line":36,"column":13},"end":{"line":36,"column":14}},"23":{"start":{"line":37,"column":17},"end":{"line":37,"column":27}},"24":{"start":{"line":38,"column":2},"end":{"line":38,"column":60}},"25":{"start":{"line":38,"column":15},"end":{"line":38,"column":16}},"26":{"start":{"line":38,"column":35},"end":{"line":38,"column":60}},"27":{"start":{"line":39,"column":2},"end":{"line":39,"column":50}},"28":{"start":{"line":42,"column":19},"end":{"line":53,"column":1}},"29":{"start":{"line":43,"column":13},"end":{"line":43,"column":14}},"30":{"start":{"line":44,"column":15},"end":{"line":44,"column":16}},"31":{"start":{"line":45,"column":2},"end":{"line":49,"column":5}},"32":{"start":{"line":46,"column":4},"end":{"line":49,"column":5}},"33":{"start":{"line":47,"column":6},"end":{"line":47,"column":15}},"34":{"start":{"line":48,"column":6},"end":{"line":48,"column":51}},"35":{"start":{"line":50,"column":20},"end":{"line":50,"column":26}},"36":{"start":{"line":51,"column":20},"end":{"line":51,"column":47}},"37":{"start":{"line":52,"column":2},"end":{"line":52,"column":38}},"38":{"start":{"line":61,"column":24},"end":{"line":73,"column":1}},"39":{"start":{"line":62,"column":2},"end":{"line":62,"column":31}},"40":{"start":{"line":62,"column":22},"end":{"line":62,"column":31}},"41":{"start":{"line":63,"column":2},"end":{"line":70,"column":3}},"42":{"start":{"line":65,"column":6},"end":{"line":65,"column":31}},"43":{"start":{"line":67,"column":6},"end":{"line":67,"column":31}},"44":{"start":{"line":69,"column":6},"end":{"line":69,"column":32}},"45":{"start":{"line":71,"column":2},"end":{"line":71,"column":54}},"46":{"start":{"line":71,"column":30},"end":{"line":71,"column":54}},"47":{"start":{"line":72,"column":2},"end":{"line":72,"column":54}},"48":{"start":{"line":61,"column":13},"end":{"line":61,"column":24}},"49":{"start":{"line":82,"column":30},"end":{"line":94,"column":1}},"50":{"start":{"line":83,"column":2},"end":{"line":83,"column":31}},"51":{"start":{"line":83,"column":22},"end":{"line":83,"column":31}},"52":{"start":{"line":84,"column":2},"end":{"line":91,"column":3}},"53":{"start":{"line":86,"column":6},"end":{"line":86,"column":31}},"54":{"start":{"line":88,"column":6},"end":{"line":88,"column":26}},"55":{"start":{"line":90,"column":6},"end":{"line":90,"column":32}},"56":{"start":{"line":92,"column":2},"end":{"line":92,"column":54}},"57":{"start":{"line":92,"column":30},"end":{"line":92,"column":54}},"58":{"start":{"line":93,"column":2},"end":{"line":93,"column":54}},"59":{"start":{"line":82,"column":13},"end":{"line":82,"column":30}}},"fnMap":{"0":{"name":"(anonymous_0)","decl":{"start":{"line":3,"column":19},"end":{"line":3,"column":20}},"loc":{"start":{"line":3,"column":35},"end":{"line":7,"column":1}}},"1":{"name":"(anonymous_1)","decl":{"start":{"line":9,"column":19},"end":{"line":9,"column":20}},"loc":{"start":{"line":9,"column":35},"end":{"line":31,"column":1}}},"2":{"name":"(anonymous_2)","decl":{"start":{"line":33,"column":20},"end":{"line":33,"column":21}},"loc":{"start":{"line":33,"column":40},"end":{"line":33,"column":52}}},"3":{"name":"(anonymous_3)","decl":{"start":{"line":35,"column":18},"end":{"line":35,"column":19}},"loc":{"start":{"line":35,"column":37},"end":{"line":40,"column":1}}},"4":{"name":"(anonymous_4)","decl":{"start":{"line":42,"column":19},"end":{"line":42,"column":20}},"loc":{"start":{"line":42,"column":52},"end":{"line":53,"column":1}}},"5":{"name":"(anonymous_5)","decl":{"start":{"line":61,"column":24},"end":{"line":61,"column":25}},"loc":{"start":{"line":61,"column":51},"end":{"line":73,"column":1}}},"6":{"name":"(anonymous_6)","decl":{"start":{"line":82,"column":30},"end":{"line":82,"column":31}},"loc":{"start":{"line":82,"column":57},"end":{"line":94,"column":1}}}},"branchMap":{"0":{"loc":{"start":{"line":5,"column":2},"end":{"line":5,"column":99}},"type":"if","locations":[{"start":{"line":5,"column":2},"end":{"line":5,"column":99}}]},"1":{"loc":{"start":{"line":5,"column":82},"end":{"line":5,"column":97}},"type":"cond-expr","locations":[{"start":{"line":5,"column":92},"end":{"line":5,"column":93}},{"start":{"line":5,"column":96},"end":{"line":5,"column":97}}]},"2":{"loc":{"start":{"line":15,"column":4},"end":{"line":28,"column":48}},"type":"if","locations":[{"start":{"line":15,"column":4},"end":{"line":28,"column":48}},{"start":{"line":28,"column":11},"end":{"line":28,"column":48}}]},"3":{"loc":{"start":{"line":16,"column":6},"end":{"line":26,"column":7}},"type":"switch","locations":[{"start":{"line":17,"column":8},"end":{"line":17,"column":15}},{"start":{"line":18,"column":8},"end":{"line":18,"column":15}},{"start":{"line":19,"column":8},"end":{"line":19,"column":16}},{"start":{"line":20,"column":8},"end":{"line":20,"column":16}},{"start":{"line":21,"column":8},"end":{"line":21,"column":16}},{"start":{"line":22,"column":8},"end":{"line":22,"column":16}},{"start":{"line":23,"column":8},"end":{"line":25,"column":16}}]},"4":{"loc":{"start":{"line":33,"column":40},"end":{"line":33,"column":52}},"type":"cond-expr","locations":[{"start":{"line":33,"column":47},"end":{"line":33,"column":48}},{"start":{"line":33,"column":51},"end":{"line":33,"column":52}}]},"5":{"loc":{"start":{"line":39,"column":21},"end":{"line":39,"column":48}},"type":"cond-expr","locations":[{"start":{"line":39,"column":34},"end":{"line":39,"column":44}},{"start":{"line":39,"column":47},"end":{"line":39,"column":48}}]},"6":{"loc":{"start":{"line":46,"column":4},"end":{"line":49,"column":5}},"type":"if","locations":[{"start":{"line":46,"column":4},"end":{"line":49,"column":5}}]},"7":{"loc":{"start":{"line":51,"column":20},"end":{"line":51,"column":47}},"type":"cond-expr","locations":[{"start":{"line":51,"column":33},"end":{"line":51,"column":43}},{"start":{"line":51,"column":46},"end":{"line":51,"column":47}}]},"8":{"loc":{"start":{"line":62,"column":2},"end":{"line":62,"column":31}},"type":"if","locations":[{"start":{"line":62,"column":2},"end":{"line":62,"column":31}}]},"9":{"loc":{"start":{"line":63,"column":2},"end":{"line":70,"column":3}},"type":"switch","locations":[{"start":{"line":64,"column":4},"end":{"line":65,"column":31}},{"start":{"line":66,"column":4},"end":{"line":67,"column":31}},{"start":{"line":68,"column":4},"end":{"line":69,"column":32}}]},"10":{"loc":{"start":{"line":71,"column":2},"end":{"line":71,"column":54}},"type":"if","locations":[{"start":{"line":71,"column":2},"end":{"line":71,"column":54}}]},"11":{"loc":{"start":{"line":83,"column":2},"end":{"line":83,"column":31}},"type":"if","locations":[{"start":{"line":83,"column":2},"end":{"line":83,"column":31}}]},"12":{"loc":{"start":{"line":84,"column":2},"end":{"line":91,"column":3}},"type":"switch","locations":[{"start":{"line":85,"column":4},"end":{"line":86,"column":31}},{"start":{"line":87,"column":4},"end":{"line":88,"column":26}},{"start":{"line":89,"column":4},"end":{"line":90,"column":32}}]},"13":{"loc":{"start":{"line":92,"column":2},"end":{"line":92,"column":54}},"type":"if","locations":[{"start":{"line":92,"column":2},"end":{"line":92,"column":54}}]}},"s":{"0":2,"1":2,"2":65062,"3":65062,"4":13498,"5":51564,"6":2,"7":127138,"8":127138,"9":127138,"10":127138,"11":1049583,"12":1049583,"13":1043567,"14":22829,"15":22829,"16":1043567,"17":6016,"18":121122,"19":2,"20":12325,"21":2,"22":13960,"23":13960,"24":13960,"25":13960,"26":86660,"27":13960,"28":2,"29":11946,"30":11946,"31":11946,"32":74880,"33":74880,"34":74880,"35":11946,"36":11946,"37":11946,"38":2,"39":161669,"40":6133,"41":155536,"42":65057,"43":52258,"44":12323,"45":25898,"46":13955,"47":11943,"48":2,"49":2,"50":16,"51":1,"52":15,"53":5,"54":0,"55":2,"56":8,"57":5,"58":3,"59":2},"f":{"0":65062,"1":127138,"2":12325,"3":13960,"4":11946,"5":161669,"6":16},"b":{"0":[13498],"1":[6852,6646],"2":[1043567,6016],"3":[1,2,394,395,396,12522,22829],"4":[5581,6744],"5":[10298,3662],"6":[74880],"7":[8904,3042],"8":[6133],"9":[65057,52258,12323],"10":[13955],"11":[1],"12":[5,0,2],"13":[5]}}
,"/home/runner/work/util/util/src/json-size/jsonSizeFast.ts": {"path":"/home/runner/work/util/util/src/json-size/jsonSizeFast.ts","statementMap":{"0":{"start":{"line":1,"column":18},"end":{"line":5,"column":1}},"1":{"start":{"line":2,"column":13},"end":{"line":2,"column":14}},"2":{"start":{"line":3,"column":2},"end":{"line":3,"column":73}},"3":{"start":{"line":3,"column":15},"end":{"line":3,"column":29}},"4":{"start":{"line":3,"column":44},"end":{"line":3,"column":73}},"5":{"start":{"line":4,"column":2},"end":{"line":4,"column":14}},"6":{"start":{"line":7,"column":19},"end":{"line":11,"column":1}},"7":{"start":{"line":8,"column":13},"end":{"line":8,"column":14}},"8":{"start":{"line":9,"column":2},"end":{"line":9,"column":102}},"9":{"start":{"line":9,"column":25},"end":{"line":9,"column":102}},"10":{"start":{"line":9,"column":54},"end":{"line":9,"column":102}},"11":{"start":{"line":10,"column":2},"end":{"line":10,"column":14}},"12":{"start":{"line":44,"column":28},"end":{"line":56,"column":1}},"13":{"start":{"line":45,"column":2},"end":{"line":45,"column":31}},"14":{"start":{"line":45,"column":22},"end":{"line":45,"column":31}},"15":{"start":{"line":46,"column":2},"end":{"line":53,"column":3}},"16":{"start":{"line":48,"column":6},"end":{"line":48,"column":15}},"17":{"start":{"line":50,"column":6},"end":{"line":50,"column":30}},"18":{"start":{"line":52,"column":6},"end":{"line":52,"column":15}},"19":{"start":{"line":54,"column":2},"end":{"line":54,"column":54}},"20":{"start":{"line":54,"column":30},"end":{"line":54,"column":54}},"21":{"start":{"line":55,"column":2},"end":{"line":55,"column":54}},"22":{"start":{"line":44,"column":13},"end":{"line":44,"column":28}}},"fnMap":{"0":{"name":"(anonymous_0)","decl":{"start":{"line":1,"column":18},"end":{"line":1,"column":19}},"loc":{"start":{"line":1,"column":45},"end":{"line":5,"column":1}}},"1":{"name":"(anonymous_1)","decl":{"start":{"line":7,"column":19},"end":{"line":7,"column":20}},"loc":{"start":{"line":7,"column":60},"end":{"line":11,"column":1}}},"2":{"name":"(anonymous_2)","decl":{"start":{"line":44,"column":28},"end":{"line":44,"column":29}},"loc":{"start":{"line":44,"column":55},"end":{"line":56,"column":1}}}},"branchMap":{"0":{"loc":{"start":{"line":9,"column":25},"end":{"line":9,"column":102}},"type":"if","locations":[{"start":{"line":9,"column":25},"end":{"line":9,"column":102}}]},"1":{"loc":{"start":{"line":45,"column":2},"end":{"line":45,"column":31}},"type":"if","locations":[{"start":{"line":45,"column":2},"end":{"line":45,"column":31}}]},"2":{"loc":{"start":{"line":46,"column":2},"end":{"line":53,"column":3}},"type":"switch","locations":[{"start":{"line":47,"column":4},"end":{"line":48,"column":15}},{"start":{"line":49,"column":4},"end":{"line":50,"column":30}},{"start":{"line":51,"column":4},"end":{"line":52,"column":15}}]},"3":{"loc":{"start":{"line":54,"column":2},"end":{"line":54,"column":54}},"type":"if","locations":[{"start":{"line":54,"column":2},"end":{"line":54,"column":54}}]}},"s":{"0":2,"1":2,"2":2,"3":2,"4":8,"5":2,"6":2,"7":4,"8":4,"9":9,"10":9,"11":4,"12":2,"13":28,"14":3,"15":25,"16":6,"17":7,"18":6,"19":6,"20":2,"21":4,"22":2},"f":{"0":2,"1":4,"2":28},"b":{"0":[9],"1":[3],"2":[6,7,6],"3":[2]}}
,"/home/runner/work/util/util/src/json-size/maxEncodingCapacity.ts": {"path":"/home/runner/work/util/util/src/json-size/maxEncodingCapacity.ts","statementMap":{"0":{"start":{"line":16,"column":35},"end":{"line":55,"column":1}},"1":{"start":{"line":17,"column":2},"end":{"line":54,"column":3}},"2":{"start":{"line":19,"column":6},"end":{"line":19,"column":40}},"3":{"start":{"line":21,"column":6},"end":{"line":21,"column":100}},"4":{"start":{"line":23,"column":6},"end":{"line":23,"column":41}},"5":{"start":{"line":25,"column":6},"end":{"line":25,"column":50}},"6":{"start":{"line":25,"column":18},"end":{"line":25,"column":50}},"7":{"start":{"line":26,"column":26},"end":{"line":26,"column":43}},"8":{"start":{"line":27,"column":6},"end":{"line":48,"column":7}},"9":{"start":{"line":29,"column":22},"end":{"line":29,"column":40}},"10":{"start":{"line":30,"column":25},"end":{"line":30,"column":35}},"11":{"start":{"line":31,"column":21},"end":{"line":31,"column":90}},"12":{"start":{"line":32,"column":10},"end":{"line":32,"column":88}},"13":{"start":{"line":32,"column":23},"end":{"line":32,"column":37}},"14":{"start":{"line":32,"column":52},"end":{"line":32,"column":88}},"15":{"start":{"line":33,"column":10},"end":{"line":33,"column":22}},"16":{"start":{"line":36,"column":10},"end":{"line":36,"column":120}},"17":{"start":{"line":39,"column":18},"end":{"line":39,"column":47}},"18":{"start":{"line":40,"column":22},"end":{"line":40,"column":54}},"19":{"start":{"line":41,"column":10},"end":{"line":43,"column":115}},"20":{"start":{"line":42,"column":12},"end":{"line":43,"column":115}},"21":{"start":{"line":43,"column":14},"end":{"line":43,"column":115}},"22":{"start":{"line":44,"column":10},"end":{"line":44,"column":22}},"23":{"start":{"line":47,"column":10},"end":{"line":47,"column":47}},"24":{"start":{"line":51,"column":6},"end":{"line":51,"column":40}},"25":{"start":{"line":53,"column":6},"end":{"line":53,"column":43}},"26":{"start":{"line":16,"column":13},"end":{"line":16,"column":35}}},"fnMap":{"0":{"name":"(anonymous_0)","decl":{"start":{"line":16,"column":35},"end":{"line":16,"column":36}},"loc":{"start":{"line":16,"column":62},"end":{"line":55,"column":1}}}},"branchMap":{"0":{"loc":{"start":{"line":17,"column":2},"end":{"line":54,"column":3}},"type":"switch","locations":[{"start":{"line":18,"column":4},"end":{"line":19,"column":40}},{"start":{"line":20,"column":4},"end":{"line":21,"column":100}},{"start":{"line":22,"column":4},"end":{"line":23,"column":41}},{"start":{"line":24,"column":4},"end":{"line":49,"column":5}},{"start":{"line":50,"column":4},"end":{"line":51,"column":40}},{"start":{"line":52,"column":4},"end":{"line":53,"column":43}}]},"1":{"loc":{"start":{"line":25,"column":6},"end":{"line":25,"column":50}},"type":"if","locations":[{"start":{"line":25,"column":6},"end":{"line":25,"column":50}}]},"2":{"loc":{"start":{"line":27,"column":6},"end":{"line":48,"column":7}},"type":"switch","locations":[{"start":{"line":28,"column":8},"end":{"line":34,"column":9}},{"start":{"line":35,"column":8},"end":{"line":37,"column":9}},{"start":{"line":38,"column":8},"end":{"line":45,"column":9}},{"start":{"line":46,"column":8},"end":{"line":47,"column":47}}]},"3":{"loc":{"start":{"line":42,"column":12},"end":{"line":43,"column":115}},"type":"if","locations":[{"start":{"line":42,"column":12},"end":{"line":43,"column":115}}]}},"s":{"0":2,"1":91,"2":5,"3":62,"4":2,"5":22,"6":1,"7":21,"8":21,"9":4,"10":4,"11":4,"12":4,"13":4,"14":12,"15":4,"16":0,"17":17,"18":17,"19":17,"20":33,"21":33,"22":17,"23":0,"24":0,"25":0,"26":2},"f":{"0":91},"b":{"0":[5,62,2,22,0,0],"1":[1],"2":[4,0,17,0],"3":[33]}}
,"/home/runner/work/util/util/src/json-size/__tests__/testJsonSize.ts": {"path":"/home/runner/work/util/util/src/json-size/__tests__/testJsonSize.ts","statementMap":{"0":{"start":{"line":1,"column":0},"end":{"line":1,"column":44}},"1":{"start":{"line":3,"column":28},"end":{"line":66,"column":1}},"2":{"start":{"line":7,"column":2},"end":{"line":9,"column":5}},"3":{"start":{"line":8,"column":4},"end":{"line":8,"column":35}},"4":{"start":{"line":11,"column":2},"end":{"line":14,"column":5}},"5":{"start":{"line":12,"column":4},"end":{"line":12,"column":35}},"6":{"start":{"line":13,"column":4},"end":{"line":13,"column":36}},"7":{"start":{"line":16,"column":2},"end":{"line":22,"column":5}},"8":{"start":{"line":17,"column":4},"end":{"line":17,"column":32}},"9":{"start":{"line":18,"column":4},"end":{"line":18,"column":34}},"10":{"start":{"line":19,"column":4},"end":{"line":19,"column":32}},"11":{"start":{"line":20,"column":4},"end":{"line":20,"column":36}},"12":{"start":{"line":21,"column":4},"end":{"line":21,"column":37}},"13":{"start":{"line":24,"column":2},"end":{"line":33,"column":3}},"14":{"start":{"line":25,"column":4},"end":{"line":32,"column":7}},"15":{"start":{"line":26,"column":6},"end":{"line":26,"column":35}},"16":{"start":{"line":27,"column":6},"end":{"line":27,"column":36}},"17":{"start":{"line":28,"column":6},"end":{"line":28,"column":38}},"18":{"start":{"line":29,"column":6},"end":{"line":29,"column":47}},"19":{"start":{"line":30,"column":6},"end":{"line":30,"column":39}},"20":{"start":{"line":31,"column":6},"end":{"line":31,"column":41}},"21":{"start":{"line":35,"column":2},"end":{"line":45,"column":3}},"22":{"start":{"line":36,"column":4},"end":{"line":44,"column":7}},"23":{"start":{"line":37,"column":6},"end":{"line":37,"column":37}},"24":{"start":{"line":38,"column":6},"end":{"line":38,"column":36}},"25":{"start":{"line":39,"column":6},"end":{"line":39,"column":37}},"26":{"start":{"line":40,"column":6},"end":{"line":40,"column":37}},"27":{"start":{"line":41,"column":6},"end":{"line":41,"column":37}},"28":{"start":{"line":42,"column":6},"end":{"line":42,"column":37}},"29":{"start":{"line":43,"column":6},"end":{"line":43,"column":37}},"30":{"start":{"line":47,"column":2},"end":{"line":52,"column":5}},"31":{"start":{"line":48,"column":4},"end":{"line":48,"column":33}},"32":{"start":{"line":49,"column":4},"end":{"line":49,"column":34}},"33":{"start":{"line":50,"column":4},"end":{"line":50,"column":40}},"34":{"start":{"line":51,"column":4},"end":{"line":51,"column":46}},"35":{"start":{"line":54,"column":2},"end":{"line":58,"column":5}},"36":{"start":{"line":55,"column":4},"end":{"line":55,"column":33}},"37":{"start":{"line":56,"column":4},"end":{"line":56,"column":49}},"38":{"start":{"line":57,"column":4},"end":{"line":57,"column":77}},"39":{"start":{"line":60,"column":2},"end":{"line":65,"column":5}},"40":{"start":{"line":61,"column":17},"end":{"line":61,"column":25}},"41":{"start":{"line":62,"column":18},"end":{"line":62,"column":32}},"42":{"start":{"line":63,"column":18},"end":{"line":63,"column":48}},"43":{"start":{"line":64,"column":4},"end":{"line":64,"column":30}},"44":{"start":{"line":3,"column":13},"end":{"line":3,"column":28}}},"fnMap":{"0":{"name":"(anonymous_0)","decl":{"start":{"line":3,"column":28},"end":{"line":3,"column":null}},"loc":{"start":{"line":6,"column":4},"end":{"line":66,"column":1}}},"1":{"name":"(anonymous_1)","decl":{"start":{"line":7,"column":31},"end":{"line":7,"column":34}},"loc":{"start":{"line":7,"column":36},"end":{"line":9,"column":3}}},"2":{"name":"(anonymous_2)","decl":{"start":{"line":11,"column":35},"end":{"line":11,"column":38}},"loc":{"start":{"line":11,"column":40},"end":{"line":14,"column":3}}},"3":{"name":"(anonymous_3)","decl":{"start":{"line":16,"column":34},"end":{"line":16,"column":37}},"loc":{"start":{"line":16,"column":39},"end":{"line":22,"column":3}}},"4":{"name":"(anonymous_4)","decl":{"start":{"line":25,"column":36},"end":{"line":25,"column":39}},"loc":{"start":{"line":25,"column":41},"end":{"line":32,"column":5}}},"5":{"name":"(anonymous_5)","decl":{"start":{"line":36,"column":60},"end":{"line":36,"column":63}},"loc":{"start":{"line":36,"column":65},"end":{"line":44,"column":5}}},"6":{"name":"(anonymous_6)","decl":{"start":{"line":47,"column":33},"end":{"line":47,"column":36}},"loc":{"start":{"line":47,"column":38},"end":{"line":52,"column":3}}},"7":{"name":"(anonymous_7)","decl":{"start":{"line":54,"column":34},"end":{"line":54,"column":37}},"loc":{"start":{"line":54,"column":39},"end":{"line":58,"column":3}}},"8":{"name":"(anonymous_8)","decl":{"start":{"line":60,"column":77},"end":{"line":60,"column":80}},"loc":{"start":{"line":60,"column":82},"end":{"line":65,"column":3}}}},"branchMap":{"0":{"loc":{"start":{"line":5,"column":2},"end":{"line":5,"column":65}},"type":"default-arg","locations":[{"start":{"line":5,"column":63},"end":{"line":5,"column":65}}]},"1":{"loc":{"start":{"line":5,"column":3},"end":{"line":5,"column":28}},"type":"default-arg","locations":[{"start":{"line":5,"column":23},"end":{"line":5,"column":28}}]},"2":{"loc":{"start":{"line":24,"column":2},"end":{"line":33,"column":3}},"type":"if","locations":[{"start":{"line":24,"column":2},"end":{"line":33,"column":3}}]},"3":{"loc":{"start":{"line":35,"column":2},"end":{"line":45,"column":3}},"type":"if","locations":[{"start":{"line":35,"column":2},"end":{"line":45,"column":3}}]}},"s":{"0":1,"1":1,"2":2,"3":2,"4":2,"5":2,"6":2,"7":2,"8":2,"9":2,"10":2,"11":2,"12":2,"13":2,"14":1,"15":1,"16":1,"17":1,"18":1,"19":1,"20":1,"21":2,"22":1,"23":1,"24":1,"25":1,"26":1,"27":1,"28":1,"29":1,"30":2,"31":2,"32":2,"33":2,"34":2,"35":2,"36":2,"37":2,"38":2,"39":2,"40":2,"41":2,"42":2,"43":2,"44":1},"f":{"0":2,"1":2,"2":2,"3":2,"4":1,"5":1,"6":2,"7":2,"8":2},"b":{"0":[1],"1":[1],"2":[1],"3":[1]}}
,"/home/runner/work/util/util/src/streams/fromStream.ts": {"path":"/home/runner/work/util/util/src/streams/fromStream.ts","statementMap":{"0":{"start":{"line":1,"column":0},"end":{"line":1,"column":46}},"1":{"start":{"line":3,"column":26},"end":{"line":12,"column":2}},"2":{"start":{"line":3,"column":92},"end":{"line":12,"column":2}},"3":{"start":{"line":4,"column":17},"end":{"line":4,"column":35}},"4":{"start":{"line":5,"column":31},"end":{"line":5,"column":33}},"5":{"start":{"line":6,"column":2},"end":{"line":10,"column":3}},"6":{"start":{"line":7,"column":26},"end":{"line":7,"column":45}},"7":{"start":{"line":8,"column":4},"end":{"line":8,"column":20}},"8":{"start":{"line":8,"column":14},"end":{"line":8,"column":20}},"9":{"start":{"line":9,"column":4},"end":{"line":9,"column":23}},"10":{"start":{"line":11,"column":2},"end":{"line":11,"column":29}},"11":{"start":{"line":3,"column":13},"end":{"line":3,"column":26}}},"fnMap":{"0":{"name":"(anonymous_0)","decl":{"start":{"line":3,"column":26},"end":{"line":3,"column":33}},"loc":{"start":{"line":3,"column":92},"end":{"line":12,"column":2}}},"1":{"name":"(anonymous_1)","decl":{"start":{"line":3,"column":92},"end":{"line":3,"column":null}},"loc":{"start":{"line":3,"column":92},"end":{"line":12,"column":1}}}},"branchMap":{"0":{"loc":{"start":{"line":8,"column":4},"end":{"line":8,"column":20}},"type":"if","locations":[{"start":{"line":8,"column":4},"end":{"line":8,"column":20}}]}},"s":{"0":1,"1":1,"2":2,"3":2,"4":2,"5":2,"6":5,"7":5,"8":2,"9":3,"10":2,"11":1},"f":{"0":2,"1":2},"b":{"0":[2]}}
,"/home/runner/work/util/util/src/streams/toStream.ts": {"path":"/home/runner/work/util/util/src/streams/toStream.ts","statementMap":{"0":{"start":{"line":1,"column":24},"end":{"line":8,"column":1}},"1":{"start":{"line":2,"column":2},"end":{"line":7,"column":5}},"2":{"start":{"line":4,"column":6},"end":{"line":4,"column":31}},"3":{"start":{"line":5,"column":6},"end":{"line":5,"column":25}},"4":{"start":{"line":1,"column":13},"end":{"line":1,"column":24}}},"fnMap":{"0":{"name":"(anonymous_0)","decl":{"start":{"line":1,"column":24},"end":{"line":1,"column":25}},"loc":{"start":{"line":1,"column":73},"end":{"line":8,"column":1}}},"1":{"name":"(anonymous_1)","decl":{"start":{"line":3,"column":4},"end":{"line":3,"column":9}},"loc":{"start":{"line":3,"column":20},"end":{"line":6,"column":5}}}},"branchMap":{},"s":{"0":1,"1":2,"2":2,"3":2,"4":1},"f":{"0":2,"1":2},"b":{}}
,"/home/runner/work/util/util/src/strings/asString.ts": {"path":"/home/runner/work/util/util/src/strings/asString.ts","statementMap":{"0":{"start":{"line":1,"column":18},"end":{"line":1,"column":32}},"1":{"start":{"line":4,"column":24},"end":{"line":22,"column":1}},"2":{"start":{"line":5,"column":17},"end":{"line":5,"column":27}},"3":{"start":{"line":6,"column":2},"end":{"line":6,"column":41}},"4":{"start":{"line":6,"column":19},"end":{"line":6,"column":41}},"5":{"start":{"line":7,"column":15},"end":{"line":7,"column":17}},"6":{"start":{"line":8,"column":13},"end":{"line":8,"column":14}},"7":{"start":{"line":9,"column":14},"end":{"line":9,"column":19}},"8":{"start":{"line":10,"column":14},"end":{"line":10,"column":17}},"9":{"start":{"line":11,"column":2},"end":{"line":19,"column":3}},"10":{"start":{"line":11,"column":15},"end":{"line":11,"column":16}},"11":{"start":{"line":12,"column":4},"end":{"line":12,"column":30}},"12":{"start":{"line":13,"column":4},"end":{"line":13,"column":66}},"13":{"start":{"line":13,"column":44},"end":{"line":13,"column":66}},"14":{"start":{"line":14,"column":4},"end":{"line":18,"column":5}},"15":{"start":{"line":15,"column":6},"end":{"line":15,"column":42}},"16":{"start":{"line":16,"column":6},"end":{"line":16,"column":15}},"17":{"start":{"line":17,"column":6},"end":{"line":17,"column":19}},"18":{"start":{"line":20,"column":2},"end":{"line":20,"column":40}},"19":{"start":{"line":20,"column":18},"end":{"line":20,"column":40}},"20":{"start":{"line":21,"column":2},"end":{"line":21,"column":63}},"21":{"start":{"line":4,"column":13},"end":{"line":4,"column":24}}},"fnMap":{"0":{"name":"(anonymous_0)","decl":{"start":{"line":4,"column":24},"end":{"line":4,"column":25}},"loc":{"start":{"line":4,"column":40},"end":{"line":22,"column":1}}}},"branchMap":{"0":{"loc":{"start":{"line":6,"column":2},"end":{"line":6,"column":41}},"type":"if","locations":[{"start":{"line":6,"column":2},"end":{"line":6,"column":41}}]},"1":{"loc":{"start":{"line":11,"column":18},"end":{"line":11,"column":43}},"type":"binary-expr","locations":[{"start":{"line":11,"column":18},"end":{"line":11,"column":28}},{"start":{"line":11,"column":32},"end":{"line":11,"column":43}}]},"2":{"loc":{"start":{"line":13,"column":4},"end":{"line":13,"column":66}},"type":"if","locations":[{"start":{"line":13,"column":4},"end":{"line":13,"column":66}}]},"3":{"loc":{"start":{"line":13,"column":8},"end":{"line":13,"column":42}},"type":"binary-expr","locations":[{"start":{"line":13,"column":8},"end":{"line":13,"column":23}},{"start":{"line":13,"column":27},"end":{"line":13,"column":42}}]},"4":{"loc":{"start":{"line":14,"column":4},"end":{"line":18,"column":5}},"type":"if","locations":[{"start":{"line":14,"column":4},"end":{"line":18,"column":5}}]},"5":{"loc":{"start":{"line":14,"column":8},"end":{"line":14,"column":36}},"type":"binary-expr","locations":[{"start":{"line":14,"column":8},"end":{"line":14,"column":20}},{"start":{"line":14,"column":24},"end":{"line":14,"column":36}}]},"6":{"loc":{"start":{"line":20,"column":2},"end":{"line":20,"column":40}},"type":"if","locations":[{"start":{"line":20,"column":2},"end":{"line":20,"column":40}}]},"7":{"loc":{"start":{"line":21,"column":16},"end":{"line":21,"column":55}},"type":"cond-expr","locations":[{"start":{"line":21,"column":25},"end":{"line":21,"column":28}},{"start":{"line":21,"column":31},"end":{"line":21,"column":55}}]}},"s":{"0":1,"1":1,"2":20028,"3":20028,"4":2,"5":20026,"6":20026,"7":20026,"8":20026,"9":20026,"10":20026,"11":23322,"12":23322,"13":19996,"14":3326,"15":2,"16":2,"17":2,"18":30,"19":16,"20":14,"21":1},"f":{"0":20028},"b":{"0":[2],"1":[23352,23328],"2":[19996],"3":[23322,20418],"4":[2],"5":[3326,3324],"6":[16],"7":[12,2]}}
,"/home/runner/work/util/util/src/strings/utf8.ts": {"path":"/home/runner/work/util/util/src/strings/utf8.ts","statementMap":{"0":{"start":{"line":9,"column":17},"end":{"line":9,"column":27}},"1":{"start":{"line":10,"column":13},"end":{"line":10,"column":14}},"2":{"start":{"line":11,"column":12},"end":{"line":11,"column":13}},"3":{"start":{"line":12,"column":2},"end":{"line":25,"column":3}},"4":{"start":{"line":13,"column":16},"end":{"line":13,"column":37}},"5":{"start":{"line":14,"column":4},"end":{"line":24,"column":5}},"6":{"start":{"line":15,"column":6},"end":{"line":15,"column":13}},"7":{"start":{"line":16,"column":6},"end":{"line":16,"column":15}},"8":{"start":{"line":17,"column":11},"end":{"line":24,"column":5}},"9":{"start":{"line":17,"column":43},"end":{"line":17,"column":53}},"10":{"start":{"line":19,"column":6},"end":{"line":22,"column":7}},"11":{"start":{"line":20,"column":22},"end":{"line":20,"column":41}},"12":{"start":{"line":21,"column":8},"end":{"line":21,"column":110}},"13":{"start":{"line":21,"column":41},"end":{"line":21,"column":110}},"14":{"start":{"line":23,"column":6},"end":{"line":23,"column":48}},"15":{"start":{"line":26,"column":2},"end":{"line":26,"column":14}},"16":{"start":{"line":8,"column":0},"end":{"line":8,"column":16}}},"fnMap":{"0":{"name":"utf8Size","decl":{"start":{"line":8,"column":16},"end":{"line":8,"column":24}},"loc":{"start":{"line":8,"column":36},"end":{"line":27,"column":1}}}},"branchMap":{"0":{"loc":{"start":{"line":14,"column":4},"end":{"line":24,"column":5}},"type":"if","locations":[{"start":{"line":14,"column":4},"end":{"line":24,"column":5}},{"start":{"line":17,"column":11},"end":{"line":24,"column":5}}]},"1":{"loc":{"start":{"line":17,"column":11},"end":{"line":24,"column":5}},"type":"if","locations":[{"start":{"line":17,"column":11},"end":{"line":24,"column":5}},{"start":{"line":18,"column":9},"end":{"line":24,"column":5}}]},"2":{"loc":{"start":{"line":19,"column":6},"end":{"line":22,"column":7}},"type":"if","locations":[{"start":{"line":19,"column":6},"end":{"line":22,"column":7}}]},"3":{"loc":{"start":{"line":19,"column":10},"end":{"line":19,"column":60}},"type":"binary-expr","locations":[{"start":{"line":19,"column":10},"end":{"line":19,"column":25}},{"start":{"line":19,"column":29},"end":{"line":19,"column":44}},{"start":{"line":19,"column":48},"end":{"line":19,"column":60}}]},"4":{"loc":{"start":{"line":21,"column":8},"end":{"line":21,"column":110}},"type":"if","locations":[{"start":{"line":21,"column":8},"end":{"line":21,"column":110}}]}},"s":{"0":6132,"1":6132,"2":6132,"3":6132,"4":2824864,"5":2824864,"6":2805940,"7":2805940,"8":18924,"9":13487,"10":5437,"11":9,"12":9,"13":9,"14":5437,"15":6132,"16":3},"f":{"0":6132},"b":{"0":[2805940,18924],"1":[13487,5437],"2":[9],"3":[5437,9,9],"4":[9]}}
,"/home/runner/work/util/util/src/strings/util.ts": {"path":"/home/runner/work/util/util/src/strings/util.ts","statementMap":{"0":{"start":{"line":1,"column":21},"end":{"line":1,"column":39}},"1":{"start":{"line":2,"column":25},"end":{"line":2,"column":29}},"2":{"start":{"line":6,"column":39},"end":{"line":6,"column":83}},"3":{"start":{"line":6,"column":57},"end":{"line":6,"column":83}},"4":{"start":{"line":6,"column":13},"end":{"line":6,"column":39}},"5":{"start":{"line":7,"column":43},"end":{"line":7,"column":91}},"6":{"start":{"line":7,"column":61},"end":{"line":7,"column":91}},"7":{"start":{"line":7,"column":13},"end":{"line":7,"column":43}},"8":{"start":{"line":8,"column":44},"end":{"line":8,"column":100}},"9":{"start":{"line":8,"column":62},"end":{"line":8,"column":100}},"10":{"start":{"line":8,"column":13},"end":{"line":8,"column":44}}},"fnMap":{"0":{"name":"(anonymous_0)","decl":{"start":{"line":6,"column":39},"end":{"line":6,"column":40}},"loc":{"start":{"line":6,"column":57},"end":{"line":6,"column":83}}},"1":{"name":"(anonymous_1)","decl":{"start":{"line":7,"column":43},"end":{"line":7,"column":44}},"loc":{"start":{"line":7,"column":61},"end":{"line":7,"column":91}}},"2":{"name":"(anonymous_2)","decl":{"start":{"line":8,"column":44},"end":{"line":8,"column":45}},"loc":{"start":{"line":8,"column":62},"end":{"line":8,"column":100}}}},"branchMap":{"0":{"loc":{"start":{"line":8,"column":62},"end":{"line":8,"column":100}},"type":"binary-expr","locations":[{"start":{"line":8,"column":62},"end":{"line":8,"column":77}},{"start":{"line":8,"column":81},"end":{"line":8,"column":100}}]}},"s":{"0":1,"1":1,"2":1,"3":19,"4":1,"5":1,"6":13,"7":1,"8":1,"9":8,"10":1},"f":{"0":19,"1":13,"2":8},"b":{"0":[8,6]}}
,"/home/runner/work/util/util/src/strings/wordWrap.ts": {"path":"/home/runner/work/util/util/src/strings/wordWrap.ts","statementMap":{"0":{"start":{"line":5,"column":16},"end":{"line":6,"column":90}},"1":{"start":{"line":6,"column":2},"end":{"line":6,"column":90}},"2":{"start":{"line":7,"column":19},"end":{"line":10,"column":1}},"3":{"start":{"line":8,"column":2},"end":{"line":8,"column":32}},"4":{"start":{"line":9,"column":2},"end":{"line":9,"column":13}},"5":{"start":{"line":12,"column":24},"end":{"line":21,"column":1}},"6":{"start":{"line":13,"column":2},"end":{"line":13,"column":22}},"7":{"start":{"line":13,"column":12},"end":{"line":13,"column":22}},"8":{"start":{"line":15,"column":16},"end":{"line":15,"column":35}},"9":{"start":{"line":16,"column":22},"end":{"line":16,"column":89}},"10":{"start":{"line":17,"column":13},"end":{"line":17,"column":41}},"11":{"start":{"line":18,"column":16},"end":{"line":18,"column":85}},"12":{"start":{"line":20,"column":2},"end":{"line":20,"column":15}},"13":{"start":{"line":12,"column":13},"end":{"line":12,"column":24}}},"fnMap":{"0":{"name":"(anonymous_0)","decl":{"start":{"line":5,"column":16},"end":{"line":5,"column":17}},"loc":{"start":{"line":6,"column":2},"end":{"line":6,"column":90}}},"1":{"name":"(anonymous_1)","decl":{"start":{"line":7,"column":19},"end":{"line":7,"column":20}},"loc":{"start":{"line":7,"column":51},"end":{"line":10,"column":1}}},"2":{"name":"(anonymous_2)","decl":{"start":{"line":12,"column":24},"end":{"line":12,"column":25}},"loc":{"start":{"line":12,"column":77},"end":{"line":21,"column":1}}}},"branchMap":{"0":{"loc":{"start":{"line":6,"column":2},"end":{"line":6,"column":90}},"type":"cond-expr","locations":[{"start":{"line":6,"column":28},"end":{"line":6,"column":83}},{"start":{"line":6,"column":86},"end":{"line":6,"column":90}}]},"1":{"loc":{"start":{"line":12,"column":38},"end":{"line":12,"column":63}},"type":"default-arg","locations":[{"start":{"line":12,"column":61},"end":{"line":12,"column":63}}]},"2":{"loc":{"start":{"line":13,"column":2},"end":{"line":13,"column":22}},"type":"if","locations":[{"start":{"line":13,"column":2},"end":{"line":13,"column":22}}]},"3":{"loc":{"start":{"line":15,"column":16},"end":{"line":15,"column":35}},"type":"binary-expr","locations":[{"start":{"line":15,"column":16},"end":{"line":15,"column":29}},{"start":{"line":15,"column":33},"end":{"line":15,"column":35}}]},"4":{"loc":{"start":{"line":18,"column":17},"end":{"line":18,"column":36}},"type":"binary-expr","locations":[{"start":{"line":18,"column":17},"end":{"line":18,"column":30}},{"start":{"line":18,"column":34},"end":{"line":18,"column":36}}]}},"s":{"0":1,"1":19,"2":1,"3":19,"4":19,"5":1,"6":3,"7":0,"8":3,"9":3,"10":3,"11":3,"12":3,"13":1},"f":{"0":19,"1":19,"2":3},"b":{"0":[0,19],"1":[2],"2":[0],"3":[3,2],"4":[3,0]}}
}
