TN:
SF:src/__tests__/binary-documents.ts
FNF:0
FNH:0
DA:7,1
LF:1
LH:1
BRF:0
BRH:0
end_of_record
TN:
SF:src/__tests__/json-documents.ts
FNF:0
FNH:0
DA:10,2
LF:1
LH:1
BRF:0
BRH:0
end_of_record
TN:
SF:src/buffers/b.ts
FNF:0
FNH:0
DA:1,2
LF:1
LH:1
BRF:0
BRH:0
end_of_record
TN:
SF:src/buffers/concat.ts
FNF:0
FNH:0
DA:1,1
LF:1
LH:1
BRF:0
BRH:0
end_of_record
TN:
SF:src/buffers/isUint8Array.ts
FNF:0
FNH:0
DA:1,1
LF:1
LH:1
BRF:0
BRH:0
end_of_record
TN:
SF:src/buffers/strings.ts
FNF:0
FNH:0
DA:1,1
LF:1
LH:1
BRF:0
BRH:0
end_of_record
TN:
SF:src/compression/gzip.ts
FN:4,(anonymous_0)
FN:7,(anonymous_1)
FN:9,(anonymous_2)
FN:9,(anonymous_3)
FN:12,(anonymous_4)
FN:12,(anonymous_5)
FNF:6
FNH:6
FNDA:2,(anonymous_0)
FNDA:2,(anonymous_1)
FNDA:1,(anonymous_2)
FNDA:1,(anonymous_3)
FNDA:1,(anonymous_4)
FNDA:1,(anonymous_5)
DA:1,1
DA:2,1
DA:4,1
DA:7,2
DA:9,1
DA:10,1
DA:12,1
DA:13,1
LF:8
LH:8
BRF:0
BRH:0
end_of_record
TN:
SF:src/json-clone/clone.ts
FN:10,(anonymous_0)
FNF:1
FNH:1
FNDA:3849,(anonymous_0)
DA:1,1
DA:2,1
DA:10,1
DA:11,3849
DA:12,3754
DA:13,918
DA:14,918
DA:15,918
DA:16,918
DA:17,2836
DA:18,1351
DA:19,1351
DA:20,1351
DA:21,1351
DA:22,2990
DA:23,2990
DA:25,1351
DA:27,1485
LF:18
LH:18
BRDA:11,0,0,95
BRDA:12,1,0,918
BRDA:12,1,1,2836
BRDA:17,2,0,1351
BRF:4
BRH:4
end_of_record
TN:
SF:src/json-clone/cloneBinary.ts
FN:12,(anonymous_0)
FNF:1
FNH:1
FNDA:3878,(anonymous_0)
DA:1,1
DA:3,1
DA:4,1
DA:12,1
DA:13,3878
DA:14,3782
DA:15,921
DA:16,921
DA:17,921
DA:18,921
DA:19,2861
DA:20,1372
DA:21,1357
DA:22,1357
DA:23,1357
DA:24,1357
DA:25,3004
DA:26,3004
DA:28,1357
DA:30,1489
LF:20
LH:20
BRDA:13,0,0,96
BRDA:14,1,0,921
BRDA:14,1,1,2861
BRDA:19,2,0,1372
BRDA:20,3,0,15
BRF:5
BRH:5
end_of_record
TN:
SF:src/json-equal/deepEqual/index.ts
FNF:0
FNH:0
DA:1,2
LF:1
LH:1
BRF:0
BRH:0
end_of_record
TN:
SF:src/json-equal/deepEqual/v6.ts
FN:4,(anonymous_0)
FNF:1
FNH:1
FNDA:6868,(anonymous_0)
DA:1,2
DA:2,2
DA:4,2
DA:6,6868
DA:8,1304
DA:9,1304
DA:12,1304
DA:13,496
DA:14,492
DA:15,492
DA:16,1810
DA:17,482
DA:21,808
DA:22,773
DA:23,773
DA:24,9
DA:25,9
DA:26,8
DA:27,8
DA:28,8
DA:29,6
DA:32,764
DA:33,764
DA:34,764
DA:35,761
DA:36,760
DA:37,4672
DA:38,4672
DA:40,746
DA:43,35
LF:30
LH:30
BRDA:6,0,0,5564
BRDA:12,1,0,496
BRDA:13,2,0,4
BRDA:15,3,0,2
BRDA:16,4,0,8
BRDA:21,5,0,773
BRDA:21,6,0,808
BRDA:21,6,1,797
BRDA:21,6,2,790
BRDA:21,6,3,773
BRDA:23,7,0,764
BRDA:24,8,0,9
BRDA:25,9,0,1
BRDA:27,10,0,2
BRDA:28,11,0,0
BRDA:34,12,0,3
BRDA:35,13,0,1
BRDA:38,14,0,14
BRF:18
BRH:17
end_of_record
TN:
SF:src/json-equal/deepEqual/__tests__/runDeepEqualTestSuite.ts
FN:3,(anonymous_0)
FN:5,(anonymous_1)
FN:7,(anonymous_2)
FNF:3
FNH:3
FNDA:2,(anonymous_0)
FNDA:10,(anonymous_1)
FNDA:86,(anonymous_2)
DA:1,2
DA:3,2
DA:4,2
DA:5,10
DA:6,10
DA:7,86
DA:8,86
DA:9,86
DA:10,86
DA:11,86
DA:12,86
DA:14,0
LF:12
LH:11
BRF:0
BRH:0
end_of_record
TN:
SF:src/json-equal/deepEqual/__tests__/tests.ts
FNF:0
FNH:0
DA:1,2
DA:15,2
LF:2
LH:2
BRF:0
BRH:0
end_of_record
TN:
SF:src/json-equal/deepEqualCodegen/index.ts
FNF:0
FNH:0
DA:1,3
LF:1
LH:1
BRF:0
BRH:0
end_of_record
TN:
SF:src/json-equal/deepEqualCodegen/v1.ts
FN:3,(anonymous_0)
FN:65,(anonymous_1)
FNF:2
FNH:2
FNDA:10120,(anonymous_0)
FNDA:394,(anonymous_1)
DA:3,3
DA:4,10120
DA:5,10120
DA:6,10120
DA:9,10120
DA:10,8226
DA:11,3
DA:12,8223
DA:13,1
DA:15,8222
DA:17,8226
DA:21,1894
DA:22,765
DA:23,765
DA:24,2721
DA:25,2721
DA:26,2721
DA:28,765
DA:32,1129
DA:33,9
DA:34,9
DA:35,9
DA:36,9
DA:37,9
DA:38,9
DA:42,1120
DA:43,1117
DA:44,1117
DA:45,1117
DA:48,1117
DA:49,7005
DA:50,7005
DA:51,7005
DA:53,1117
DA:57,3
DA:58,3
DA:59,3
DA:62,0
DA:65,3
DA:66,394
DA:67,394
DA:69,394
DA:72,394
LF:43
LH:42
BRDA:6,0,0,10120
BRDA:6,0,1,9758
BRDA:6,0,2,8944
BRDA:6,0,3,5896
BRDA:9,1,0,8226
BRDA:10,2,0,3
BRDA:10,2,1,8223
BRDA:12,3,0,1
BRDA:12,3,1,8222
BRDA:21,4,0,765
BRDA:32,5,0,9
BRDA:36,6,0,4
BRDA:36,6,1,5
BRDA:37,7,0,5
BRDA:42,8,0,1117
BRDA:42,9,0,1120
BRDA:42,9,1,1117
BRDA:57,10,0,3
BRF:18
BRH:18
end_of_record
TN:
SF:src/json-random/RandomJson.ts
FN:41,(anonymous_0)
FN:143,(anonymous_1)
FN:155,(anonymous_2)
FN:160,(anonymous_3)
FN:164,(anonymous_4)
FN:177,(anonymous_5)
FN:185,(anonymous_6)
FN:191,(anonymous_7)
FN:199,(anonymous_8)
FN:221,(anonymous_9)
FN:258,(anonymous_10)
FN:266,(anonymous_11)
FN:283,(anonymous_12)
FN:302,(anonymous_13)
FN:308,(anonymous_14)
FN:322,(anonymous_15)
FN:331,(anonymous_16)
FNF:17
FNH:15
FNDA:80426,(anonymous_0)
FNDA:9071,(anonymous_1)
FNDA:204,(anonymous_2)
FNDA:782,(anonymous_3)
FNDA:3940,(anonymous_4)
FNDA:10273,(anonymous_5)
FNDA:0,(anonymous_6)
FNDA:1,(anonymous_7)
FNDA:1,(anonymous_8)
FNDA:207,(anonymous_9)
FNDA:306,(anonymous_10)
FNDA:9708,(anonymous_11)
FNDA:9708,(anonymous_12)
FNDA:3115,(anonymous_13)
FNDA:9708,(anonymous_14)
FNDA:0,(anonymous_15)
FNDA:9708,(anonymous_16)
DA:1,4
DA:25,4
DA:41,4
DA:42,80426
DA:45,4
DA:143,4
DA:144,9071
DA:154,4
DA:156,204
DA:157,204
DA:161,782
DA:166,3940
DA:173,3940
DA:174,3939
DA:178,10273
DA:179,10273
DA:180,80180
DA:181,10273
DA:182,10027
DA:186,0
DA:187,0
DA:188,0
DA:192,1
DA:200,1
DA:216,207
DA:222,207
DA:223,207
DA:224,207
DA:225,207
DA:226,207
DA:227,207
DA:228,207
DA:229,207
DA:230,207
DA:231,207
DA:239,207
DA:240,1
DA:241,1
DA:243,206
DA:251,206
DA:259,9708
DA:260,306
DA:267,9708
DA:268,9708
DA:269,9708
DA:270,9708
DA:271,9708
DA:272,3550
DA:273,3550
DA:275,6158
DA:276,6158
DA:284,9708
DA:286,355
DA:288,781
DA:290,3939
DA:292,3114
DA:294,0
DA:296,762
DA:298,757
DA:303,3115
DA:304,3115
DA:309,9708
DA:310,9708
DA:311,9353
DA:312,8572
DA:313,4633
DA:314,1519
DA:315,1519
DA:316,757
DA:323,0
DA:324,0
DA:325,0
DA:332,9708
LF:73
LH:66
BRDA:166,0,0,3150
BRDA:166,0,1,790
BRDA:168,1,0,150
BRDA:168,1,1,640
BRDA:170,2,0,102
BRDA:170,2,1,538
BRDA:173,3,0,1
BRDA:177,4,0,9273
BRDA:179,5,0,1055
BRDA:179,5,1,9218
BRDA:181,6,0,246
BRDA:185,7,0,0
BRDA:191,8,0,1
BRDA:199,9,0,1
BRDA:221,10,0,202
BRDA:239,11,0,1
BRDA:239,11,1,206
BRDA:244,12,0,204
BRDA:244,12,1,2
BRDA:246,13,0,2
BRDA:246,13,1,0
BRDA:248,14,0,0
BRDA:248,14,1,0
BRDA:270,15,0,1519
BRDA:270,16,0,9708
BRDA:270,16,1,8950
BRDA:271,17,0,3550
BRDA:271,17,1,6158
BRDA:284,18,0,355
BRDA:284,18,1,781
BRDA:284,18,2,3939
BRDA:284,18,3,3114
BRDA:284,18,4,0
BRDA:284,18,5,762
BRDA:284,18,6,757
BRDA:304,19,0,1
BRDA:304,19,1,3114
BRDA:310,20,0,355
BRDA:311,21,0,781
BRDA:312,22,0,3939
BRDA:313,23,0,3114
BRDA:314,24,0,0
BRDA:315,25,0,762
BRDA:324,26,0,0
BRF:44
BRH:37
end_of_record
TN:
SF:src/json-random/string.ts
FN:37,randomString
FNF:1
FNH:1
FNDA:19,randomString
DA:37,5
DA:38,19
DA:39,17
DA:40,17
DA:42,12
DA:43,12
DA:46,2
DA:47,2
DA:48,2
DA:49,2
DA:50,2
DA:51,7
DA:52,2
DA:55,1
DA:56,1
DA:57,1
DA:58,1
DA:61,2
DA:63,0
LF:19
LH:18
BRDA:38,0,0,2
BRDA:40,1,0,12
BRDA:40,1,1,2
BRDA:40,1,2,1
BRDA:40,1,3,2
BRDA:40,1,4,0
BRF:6
BRH:5
end_of_record
TN:
SF:src/json-size/index.ts
FNF:0
FNH:0
DA:1,1
DA:2,1
DA:3,1
LF:3
LH:3
BRF:0
BRH:0
end_of_record
TN:
SF:src/json-size/json.ts
FN:3,(anonymous_0)
FN:9,(anonymous_1)
FN:33,(anonymous_2)
FN:35,(anonymous_3)
FN:42,(anonymous_4)
FN:61,(anonymous_5)
FN:82,(anonymous_6)
FNF:7
FNH:7
FNDA:65062,(anonymous_0)
FNDA:127138,(anonymous_1)
FNDA:12325,(anonymous_2)
FNDA:13960,(anonymous_3)
FNDA:11946,(anonymous_4)
FNDA:161669,(anonymous_5)
FNDA:16,(anonymous_6)
DA:1,2
DA:3,2
DA:4,65062
DA:5,65062
DA:6,51564
DA:9,2
DA:10,127138
DA:11,127138
DA:12,127138
DA:13,127138
DA:14,1049583
DA:15,1049583
DA:16,1043567
DA:24,22829
DA:25,22829
DA:27,1043567
DA:28,6016
DA:30,121122
DA:33,12325
DA:35,2
DA:36,13960
DA:37,13960
DA:38,86660
DA:39,13960
DA:42,2
DA:43,11946
DA:44,11946
DA:45,11946
DA:46,74880
DA:47,74880
DA:48,74880
DA:50,11946
DA:51,11946
DA:52,11946
DA:61,2
DA:62,161669
DA:63,155536
DA:65,65057
DA:67,52258
DA:69,12323
DA:71,25898
DA:72,11943
DA:82,2
DA:83,16
DA:84,15
DA:86,5
DA:88,0
DA:90,2
DA:92,8
DA:93,3
LF:50
LH:49
BRDA:5,0,0,13498
BRDA:5,1,0,6852
BRDA:5,1,1,6646
BRDA:15,2,0,1043567
BRDA:15,2,1,6016
BRDA:16,3,0,1
BRDA:16,3,1,2
BRDA:16,3,2,394
BRDA:16,3,3,395
BRDA:16,3,4,396
BRDA:16,3,5,12522
BRDA:16,3,6,22829
BRDA:33,4,0,5581
BRDA:33,4,1,6744
BRDA:39,5,0,10298
BRDA:39,5,1,3662
BRDA:46,6,0,74880
BRDA:51,7,0,8904
BRDA:51,7,1,3042
BRDA:62,8,0,6133
BRDA:63,9,0,65057
BRDA:63,9,1,52258
BRDA:63,9,2,12323
BRDA:71,10,0,13955
BRDA:83,11,0,1
BRDA:84,12,0,5
BRDA:84,12,1,0
BRDA:84,12,2,2
BRDA:92,13,0,5
BRF:29
BRH:28
end_of_record
TN:
SF:src/json-size/jsonSizeFast.ts
FN:1,(anonymous_0)
FN:7,(anonymous_1)
FN:44,(anonymous_2)
FNF:3
FNH:3
FNDA:2,(anonymous_0)
FNDA:4,(anonymous_1)
FNDA:28,(anonymous_2)
DA:1,2
DA:2,2
DA:3,8
DA:4,2
DA:7,2
DA:8,4
DA:9,9
DA:10,4
DA:44,2
DA:45,28
DA:46,25
DA:48,6
DA:50,7
DA:52,6
DA:54,6
DA:55,4
LF:16
LH:16
BRDA:9,0,0,9
BRDA:45,1,0,3
BRDA:46,2,0,6
BRDA:46,2,1,7
BRDA:46,2,2,6
BRDA:54,3,0,2
BRF:6
BRH:6
end_of_record
TN:
SF:src/json-size/maxEncodingCapacity.ts
FN:16,(anonymous_0)
FNF:1
FNH:1
FNDA:91,(anonymous_0)
DA:16,2
DA:17,91
DA:19,5
DA:21,62
DA:23,2
DA:25,22
DA:26,21
DA:27,21
DA:29,4
DA:30,4
DA:31,4
DA:32,12
DA:33,4
DA:36,0
DA:39,17
DA:40,17
DA:41,17
DA:42,33
DA:43,33
DA:44,17
DA:47,0
DA:51,0
DA:53,0
LF:23
LH:19
BRDA:17,0,0,5
BRDA:17,0,1,62
BRDA:17,0,2,2
BRDA:17,0,3,22
BRDA:17,0,4,0
BRDA:17,0,5,0
BRDA:25,1,0,1
BRDA:27,2,0,4
BRDA:27,2,1,0
BRDA:27,2,2,17
BRDA:27,2,3,0
BRDA:42,3,0,33
BRF:12
BRH:8
end_of_record
TN:
SF:src/json-size/__tests__/testJsonSize.ts
FN:3,(anonymous_0)
FN:7,(anonymous_1)
FN:11,(anonymous_2)
FN:16,(anonymous_3)
FN:25,(anonymous_4)
FN:36,(anonymous_5)
FN:47,(anonymous_6)
FN:54,(anonymous_7)
FN:60,(anonymous_8)
FNF:9
FNH:9
FNDA:2,(anonymous_0)
FNDA:2,(anonymous_1)
FNDA:2,(anonymous_2)
FNDA:2,(anonymous_3)
FNDA:1,(anonymous_4)
FNDA:1,(anonymous_5)
FNDA:2,(anonymous_6)
FNDA:2,(anonymous_7)
FNDA:2,(anonymous_8)
DA:1,1
DA:3,1
DA:7,2
DA:8,2
DA:11,2
DA:12,2
DA:13,2
DA:16,2
DA:17,2
DA:18,2
DA:19,2
DA:20,2
DA:21,2
DA:24,2
DA:25,1
DA:26,1
DA:27,1
DA:28,1
DA:29,1
DA:30,1
DA:31,1
DA:35,2
DA:36,1
DA:37,1
DA:38,1
DA:39,1
DA:40,1
DA:41,1
DA:42,1
DA:43,1
DA:47,2
DA:48,2
DA:49,2
DA:50,2
DA:51,2
DA:54,2
DA:55,2
DA:56,2
DA:57,2
DA:60,2
DA:61,2
DA:62,2
DA:63,2
DA:64,2
LF:44
LH:44
BRDA:5,0,0,1
BRDA:5,1,0,1
BRDA:24,2,0,1
BRDA:35,3,0,1
BRF:4
BRH:4
end_of_record
TN:
SF:src/streams/fromStream.ts
FN:3,(anonymous_0)
FN:3,(anonymous_1)
FNF:2
FNH:2
FNDA:2,(anonymous_0)
FNDA:2,(anonymous_1)
DA:1,1
DA:3,2
DA:4,2
DA:5,2
DA:6,2
DA:7,5
DA:8,5
DA:9,3
DA:11,2
LF:9
LH:9
BRDA:8,0,0,2
BRF:1
BRH:1
end_of_record
TN:
SF:src/streams/toStream.ts
FN:1,(anonymous_0)
FN:3,(anonymous_1)
FNF:2
FNH:2
FNDA:2,(anonymous_0)
FNDA:2,(anonymous_1)
DA:1,1
DA:2,2
DA:4,2
DA:5,2
LF:4
LH:4
BRF:0
BRH:0
end_of_record
TN:
SF:src/strings/asString.ts
FN:4,(anonymous_0)
FNF:1
FNH:1
FNDA:20028,(anonymous_0)
DA:1,1
DA:4,1
DA:5,20028
DA:6,20028
DA:7,20026
DA:8,20026
DA:9,20026
DA:10,20026
DA:11,20026
DA:12,23322
DA:13,23322
DA:14,3326
DA:15,2
DA:16,2
DA:17,2
DA:20,30
DA:21,14
LF:17
LH:17
BRDA:6,0,0,2
BRDA:11,1,0,23352
BRDA:11,1,1,23328
BRDA:13,2,0,19996
BRDA:13,3,0,23322
BRDA:13,3,1,20418
BRDA:14,4,0,2
BRDA:14,5,0,3326
BRDA:14,5,1,3324
BRDA:20,6,0,16
BRDA:21,7,0,12
BRDA:21,7,1,2
BRF:12
BRH:12
end_of_record
TN:
SF:src/strings/utf8.ts
FN:8,utf8Size
FNF:1
FNH:1
FNDA:6132,utf8Size
DA:8,3
DA:9,6132
DA:10,6132
DA:11,6132
DA:12,6132
DA:13,2824864
DA:14,2824864
DA:15,2805940
DA:16,2805940
DA:17,18924
DA:19,5437
DA:20,9
DA:21,9
DA:23,5437
DA:26,6132
LF:15
LH:15
BRDA:14,0,0,2805940
BRDA:14,0,1,18924
BRDA:17,1,0,13487
BRDA:17,1,1,5437
BRDA:19,2,0,9
BRDA:19,3,0,5437
BRDA:19,3,1,9
BRDA:19,3,2,9
BRDA:21,4,0,9
BRF:9
BRH:9
end_of_record
TN:
SF:src/strings/util.ts
FN:6,(anonymous_0)
FN:7,(anonymous_1)
FN:8,(anonymous_2)
FNF:3
FNH:3
FNDA:19,(anonymous_0)
FNDA:13,(anonymous_1)
FNDA:8,(anonymous_2)
DA:1,1
DA:2,1
DA:6,19
DA:7,13
DA:8,8
LF:5
LH:5
BRDA:8,0,0,8
BRDA:8,0,1,6
BRF:2
BRH:2
end_of_record
TN:
SF:src/strings/wordWrap.ts
FN:5,(anonymous_0)
FN:7,(anonymous_1)
FN:12,(anonymous_2)
FNF:3
FNH:3
FNDA:19,(anonymous_0)
FNDA:19,(anonymous_1)
FNDA:3,(anonymous_2)
DA:5,1
DA:6,19
DA:7,1
DA:8,19
DA:9,19
DA:12,1
DA:13,3
DA:15,3
DA:16,3
DA:17,3
DA:18,3
DA:20,3
LF:12
LH:12
BRDA:6,0,0,0
BRDA:6,0,1,19
BRDA:12,1,0,2
BRDA:13,2,0,0
BRDA:15,3,0,3
BRDA:15,3,1,2
BRDA:18,4,0,3
BRDA:18,4,1,0
BRF:8
BRH:5
end_of_record
